[debug] [2019-02-08T16:04:58.313Z] ----------------------------------------------------------------------
[debug] [2019-02-08T16:04:58.317Z] Command:       /usr/local/Cellar/node/11.7.0/bin/node /usr/local/bin/firebase deploy --only functions
[debug] [2019-02-08T16:04:58.317Z] CLI Version:   6.3.0
[debug] [2019-02-08T16:04:58.317Z] Platform:      darwin
[debug] [2019-02-08T16:04:58.317Z] Node Version:  v11.7.0
[debug] [2019-02-08T16:04:58.323Z] Time:          Fri Feb 08 2019 16:04:58 GMT+0000 (Greenwich Mean Time)
[debug] [2019-02-08T16:04:58.323Z] ----------------------------------------------------------------------
[debug] 
[debug] [2019-02-08T16:04:58.333Z] > command requires scopes: ["email","openid","https://www.googleapis.com/auth/cloudplatformprojects.readonly","https://www.googleapis.com/auth/firebase","https://www.googleapis.com/auth/cloud-platform"]
[debug] [2019-02-08T16:04:58.333Z] > authorizing via signed-in user
[debug] [2019-02-08T16:04:58.333Z] [iam] checking project perrinn-d5fc1 for permissions ["cloudfunctions.functions.create","cloudfunctions.functions.delete","cloudfunctions.functions.get","cloudfunctions.functions.list","cloudfunctions.functions.update","cloudfunctions.operations.get","firebase.projects.get"]
[debug] [2019-02-08T16:04:58.335Z] >>> HTTP REQUEST POST https://cloudresourcemanager.googleapis.com/v1/projects/perrinn-d5fc1:testIamPermissions  

[debug] [2019-02-08T16:04:59.393Z] <<< HTTP RESPONSE 200
[warn] ⚠  functions: package.json indicates an outdated version of firebase-functions.
 Please upgrade using npm install --save firebase-functions@latest in your functions directory.
[info] 
[info] === Deploying to 'perrinn-d5fc1'...
[info] 
[info] i  deploying functions
[info] Running command: npm --prefix "$RESOURCE_DIR" run
[info] ✔  functions: Finished running predeploy script.
[debug] [2019-02-08T16:05:02.078Z] > [functions] package.json contents: {
  "name": "functions",
  "description": "Cloud Functions for Firebase",
  "scripts": {
    "serve": "firebase serve --only functions",
    "shell": "firebase functions:shell",
    "start": "npm run shell",
    "deploy": "firebase deploy --only functions",
    "logs": "firebase functions:log"
  },
  "dependencies": {
    "@google-cloud/storage": "^1.6.0",
    "child-process-promise": "^2.2.1",
    "firebase-admin": "^5.12.0",
    "firebase-functions": "^1.0.1",
    "stripe": "^4.15.0"
  },
  "private": true
}
[info] i  functions: ensuring necessary APIs are enabled...
[debug] [2019-02-08T16:05:02.079Z] >>> HTTP REQUEST GET https://servicemanagement.googleapis.com/v1/services/cloudfunctions.googleapis.com/projectSettings/perrinn-d5fc1?view=CONSUMER_VIEW  
 
[debug] [2019-02-08T16:05:02.080Z] >>> HTTP REQUEST GET https://servicemanagement.googleapis.com/v1/services/runtimeconfig.googleapis.com/projectSettings/perrinn-d5fc1?view=CONSUMER_VIEW  
 
[debug] [2019-02-08T16:05:03.486Z] <<< HTTP RESPONSE 200
[debug] [2019-02-08T16:05:03.509Z] <<< HTTP RESPONSE 200
[info] ✔  functions: all necessary APIs are enabled
[debug] [2019-02-08T16:05:03.510Z] >>> HTTP REQUEST GET https://cloudresourcemanager.googleapis.com/v1/projects/perrinn-d5fc1  
 
[debug] [2019-02-08T16:05:04.304Z] <<< HTTP RESPONSE 200
[debug] [2019-02-08T16:05:04.306Z] >>> HTTP REQUEST GET https://mobilesdk-pa.googleapis.com/v1/projects/44958643568:getServerAppConfig  
 
[debug] [2019-02-08T16:05:04.583Z] <<< HTTP RESPONSE 200
[info] i  functions: preparing functions directory for uploading...
[debug] [2019-02-08T16:05:04.585Z] >>> HTTP REQUEST GET https://runtimeconfig.googleapis.com/v1beta1/projects/perrinn-d5fc1/configs  
 
[debug] [2019-02-08T16:05:05.531Z] <<< HTTP RESPONSE 200
[debug] [2019-02-08T16:05:05.533Z] >>> HTTP REQUEST GET https://runtimeconfig.googleapis.com/v1beta1/projects/perrinn-d5fc1/configs/stripe/variables  
 
[debug] [2019-02-08T16:05:05.773Z] <<< HTTP RESPONSE 200
[debug] [2019-02-08T16:05:05.774Z] >>> HTTP REQUEST GET https://runtimeconfig.googleapis.com/v1beta1/projects/perrinn-d5fc1/configs/stripe/variables/currency  
 
[debug] [2019-02-08T16:05:05.774Z] >>> HTTP REQUEST GET https://runtimeconfig.googleapis.com/v1beta1/projects/perrinn-d5fc1/configs/stripe/variables/token  
 
[debug] [2019-02-08T16:05:06.660Z] <<< HTTP RESPONSE 200
[debug] [2019-02-08T16:05:06.897Z] <<< HTTP RESPONSE 200
[info] i  functions: packaged functions (49.93 KB) for uploading
[debug] [2019-02-08T16:05:07.681Z] >>> HTTP REQUEST POST https://cloudfunctions.googleapis.com/v1/projects/perrinn-d5fc1/locations/us-central1/functions:generateUploadUrl  
 
[debug] [2019-02-08T16:05:08.091Z] <<< HTTP RESPONSE 200
[debug] [2019-02-08T16:05:08.092Z] >>> HTTP REQUEST PUT https://storage.googleapis.com/gcf-upload-us-central1-ea1da07e-2fe1-4ab0-950c-f6206cdd6570/09a15cb2-74b1-49ee-8ba4-9c8172685ffb.zip?GoogleAccessId=service-44958643568@gcf-admin-robot.iam.gserviceaccount.com&Expires=1549643707&Signature=quS86l5rkiul%2B3hGpmZ%2FdhyQOG8JJOZ0O8AgRk2ahuxXo0%2BRmeb9zJDnUABtL4UiJdJXZohmmgRms8J8a0UtuOfHcv3Fgbq4r9qb0vpUik78ShBHj4crPMTKGbYKlLQ3%2FqdTyqkLLOeyi3iuahnoZqi2x0fUZLlufjlNm1F3LOf9q9HqSPNbGgJR4OjwVMzint%2BwDbsv2qh3rKUnZp89onrsjUM88S%2BwEADdkJnrcqVazD2fwi8xbckwDUEWN1O0Ng7%2BJJjZXtVmYfH7EQ9c0awXRoELQCr03Js0QkGaEiDWZY3Vs7A7AXb74b2qC6vlZZdoeh8RLgK%2FynyA5heg6w%3D%3D  

[debug] [2019-02-08T16:05:08.932Z] <<< HTTP RESPONSE 200
[info] ✔  functions: functions folder uploaded successfully
[debug] [2019-02-08T16:05:08.935Z] >>> HTTP REQUEST GET https://cloudfunctions.googleapis.com/v1/projects/perrinn-d5fc1/locations/-/functions  
 
[debug] [2019-02-08T16:05:09.439Z] <<< HTTP RESPONSE 200
[info] i  functions: updating Node.js 6 function createPERRINNTransactionOnPaymentComplete(us-central1)...
[debug] [2019-02-08T16:05:09.443Z] Trigger is:  {"eventTrigger":{"resource":"projects/_/instances/perrinn-d5fc1/refs/teamPayments/{user}/{chargeID}/response/outcome","eventType":"providers/google.firebase.database/eventTypes/ref.create","service":"firebaseio.com"}}
[info] i  functions: updating Node.js 6 function newStripeCharge(us-central1)...
[debug] [2019-02-08T16:05:09.443Z] Trigger is:  {"eventTrigger":{"resource":"projects/_/instances/perrinn-d5fc1/refs/teamPayments/{user}/{chargeID}","eventType":"providers/google.firebase.database/eventTypes/ref.create","service":"firebaseio.com"}}
[info] i  functions: updating Node.js 6 function newUserProfile(us-central1)...
[debug] [2019-02-08T16:05:09.443Z] Trigger is:  {"eventTrigger":{"resource":"projects/_/instances/perrinn-d5fc1/refs/users/{user}/{editID}","eventType":"providers/google.firebase.database/eventTypes/ref.create","service":"firebaseio.com"}}
[info] i  functions: updating Node.js 6 function newMessage(us-central1)...
[debug] [2019-02-08T16:05:09.444Z] Trigger is:  {"eventTrigger":{"resource":"projects/_/instances/perrinn-d5fc1/refs/teamMessages/{team}/{message}","eventType":"providers/google.firebase.database/eventTypes/ref.create","service":"firebaseio.com"}}
[info] i  functions: updating Node.js 6 function newMessageRead(us-central1)...
[debug] [2019-02-08T16:05:09.444Z] Trigger is:  {"eventTrigger":{"resource":"projects/_/instances/perrinn-d5fc1/refs/teamReads/{reader}/{team}/{message}","eventType":"providers/google.firebase.database/eventTypes/ref.create","service":"firebaseio.com"}}
[info] i  functions: updating Node.js 6 function processImage(us-central1)...
[debug] [2019-02-08T16:05:09.444Z] Trigger is:  {"eventTrigger":{"resource":"projects/_/buckets/perrinn-d5fc1.appspot.com","eventType":"google.storage.object.finalize","service":"storage.googleapis.com"}}
[info] i  functions: updating Node.js 6 function fanoutTeam(us-central1)...
[debug] [2019-02-08T16:05:09.445Z] Trigger is:  {"eventTrigger":{"resource":"projects/_/instances/perrinn-d5fc1/refs/PERRINNTeams/{team}","eventType":"providers/google.firebase.database/eventTypes/ref.write","service":"firebaseio.com"}}
[info] i  functions: updating Node.js 6 function newImageTeamSubscription(us-central1)...
[debug] [2019-02-08T16:05:09.445Z] Trigger is:  {"eventTrigger":{"resource":"projects/_/instances/perrinn-d5fc1/refs/subscribeImageTeams/{image}/{team}","eventType":"providers/google.firebase.database/eventTypes/ref.create","service":"firebaseio.com"}}
[info] i  functions: updating Node.js 6 function newTeam(us-central1)...
[debug] [2019-02-08T16:05:09.445Z] Trigger is:  {"eventTrigger":{"resource":"projects/_/instances/perrinn-d5fc1/refs/PERRINNTeams/{team}","eventType":"providers/google.firebase.database/eventTypes/ref.create","service":"firebaseio.com"}}
[info] i  functions: updating Node.js 6 function teamCreation(us-central1)...
[debug] [2019-02-08T16:05:09.445Z] Trigger is:  {"eventTrigger":{"resource":"projects/_/instances/perrinn-d5fc1/refs/PERRINNTeams/{team}/createdTimestamp","eventType":"providers/google.firebase.database/eventTypes/ref.create","service":"firebaseio.com"}}
[info] i  functions: updating Node.js 6 function populateLeadersMembersNames(us-central1)...
[debug] [2019-02-08T16:05:09.446Z] Trigger is:  {"eventTrigger":{"resource":"projects/_/instances/perrinn-d5fc1/refs/toto","eventType":"providers/google.firebase.database/eventTypes/ref.create","service":"firebaseio.com"}}
[info] i  functions: updating Node.js 6 function copyPERRINNTeamsToFIRESTORE(us-central1)...
[debug] [2019-02-08T16:05:09.446Z] Trigger is:  {"eventTrigger":{"resource":"projects/_/instances/perrinn-d5fc1/refs/toto","eventType":"providers/google.firebase.database/eventTypes/ref.create","service":"firebaseio.com"}}
[debug] [2019-02-08T16:05:09.449Z] >>> HTTP REQUEST PATCH https://cloudfunctions.googleapis.com/v1/projects/perrinn-d5fc1/locations/us-central1/functions/createPERRINNTransactionOnPaymentComplete {"updateMask":"sourceUploadUrl,name,labels,eventTrigger.resource,eventTrigger.eventType,eventTrigger.service"} 

[debug] [2019-02-08T16:05:09.450Z] >>> HTTP REQUEST PATCH https://cloudfunctions.googleapis.com/v1/projects/perrinn-d5fc1/locations/us-central1/functions/newStripeCharge {"updateMask":"sourceUploadUrl,name,labels,eventTrigger.resource,eventTrigger.eventType,eventTrigger.service"} 

[debug] [2019-02-08T16:05:09.451Z] >>> HTTP REQUEST PATCH https://cloudfunctions.googleapis.com/v1/projects/perrinn-d5fc1/locations/us-central1/functions/newUserProfile {"updateMask":"sourceUploadUrl,name,labels,eventTrigger.resource,eventTrigger.eventType,eventTrigger.service"} 

[debug] [2019-02-08T16:05:09.451Z] >>> HTTP REQUEST PATCH https://cloudfunctions.googleapis.com/v1/projects/perrinn-d5fc1/locations/us-central1/functions/newMessage {"updateMask":"sourceUploadUrl,name,labels,eventTrigger.resource,eventTrigger.eventType,eventTrigger.service"} 

[debug] [2019-02-08T16:05:09.454Z] >>> HTTP REQUEST PATCH https://cloudfunctions.googleapis.com/v1/projects/perrinn-d5fc1/locations/us-central1/functions/newMessageRead {"updateMask":"sourceUploadUrl,name,labels,eventTrigger.resource,eventTrigger.eventType,eventTrigger.service"} 

[debug] [2019-02-08T16:05:09.455Z] >>> HTTP REQUEST PATCH https://cloudfunctions.googleapis.com/v1/projects/perrinn-d5fc1/locations/us-central1/functions/processImage {"updateMask":"sourceUploadUrl,name,labels,eventTrigger.resource,eventTrigger.eventType,eventTrigger.service"} 

[debug] [2019-02-08T16:05:09.455Z] >>> HTTP REQUEST PATCH https://cloudfunctions.googleapis.com/v1/projects/perrinn-d5fc1/locations/us-central1/functions/fanoutTeam {"updateMask":"sourceUploadUrl,name,labels,eventTrigger.resource,eventTrigger.eventType,eventTrigger.service"} 

[debug] [2019-02-08T16:05:09.455Z] >>> HTTP REQUEST PATCH https://cloudfunctions.googleapis.com/v1/projects/perrinn-d5fc1/locations/us-central1/functions/newImageTeamSubscription {"updateMask":"sourceUploadUrl,name,labels,eventTrigger.resource,eventTrigger.eventType,eventTrigger.service"} 

[debug] [2019-02-08T16:05:09.456Z] >>> HTTP REQUEST PATCH https://cloudfunctions.googleapis.com/v1/projects/perrinn-d5fc1/locations/us-central1/functions/newTeam {"updateMask":"sourceUploadUrl,name,labels,eventTrigger.resource,eventTrigger.eventType,eventTrigger.service"} 

[debug] [2019-02-08T16:05:09.456Z] >>> HTTP REQUEST PATCH https://cloudfunctions.googleapis.com/v1/projects/perrinn-d5fc1/locations/us-central1/functions/teamCreation {"updateMask":"sourceUploadUrl,name,labels,eventTrigger.resource,eventTrigger.eventType,eventTrigger.service"} 

[debug] [2019-02-08T16:05:09.457Z] >>> HTTP REQUEST PATCH https://cloudfunctions.googleapis.com/v1/projects/perrinn-d5fc1/locations/us-central1/functions/populateLeadersMembersNames {"updateMask":"sourceUploadUrl,name,labels,eventTrigger.resource,eventTrigger.eventType,eventTrigger.service"} 

[debug] [2019-02-08T16:05:09.457Z] >>> HTTP REQUEST PATCH https://cloudfunctions.googleapis.com/v1/projects/perrinn-d5fc1/locations/us-central1/functions/copyPERRINNTeamsToFIRESTORE {"updateMask":"sourceUploadUrl,name,labels,eventTrigger.resource,eventTrigger.eventType,eventTrigger.service"} 

[debug] [2019-02-08T16:05:10.344Z] <<< HTTP RESPONSE 200
[debug] [2019-02-08T16:05:10.373Z] <<< HTTP RESPONSE 200
[debug] [2019-02-08T16:05:10.382Z] <<< HTTP RESPONSE 200
[debug] [2019-02-08T16:05:10.383Z] <<< HTTP RESPONSE 200
[debug] [2019-02-08T16:05:10.383Z] <<< HTTP RESPONSE 200
[debug] [2019-02-08T16:05:10.386Z] <<< HTTP RESPONSE 200
[debug] [2019-02-08T16:05:10.390Z] <<< HTTP RESPONSE 200
[debug] [2019-02-08T16:05:10.397Z] <<< HTTP RESPONSE 200
[debug] [2019-02-08T16:05:10.426Z] <<< HTTP RESPONSE 200
[debug] [2019-02-08T16:05:10.446Z] <<< HTTP RESPONSE 200
[debug] [2019-02-08T16:05:10.590Z] <<< HTTP RESPONSE 200
[debug] [2019-02-08T16:05:10.592Z] <<< HTTP RESPONSE 200
[debug] [2019-02-08T16:05:10.594Z] >>> HTTP REQUEST GET https://cloudfunctions.googleapis.com/v1/operations/cGVycmlubi1kNWZjMS91cy1jZW50cmFsMS9jcmVhdGVQRVJSSU5OVHJhbnNhY3Rpb25PblBheW1lbnRDb21wbGV0ZS85a1REeWNHekUxRQ  
 
[debug] [2019-02-08T16:05:10.595Z] >>> HTTP REQUEST GET https://cloudfunctions.googleapis.com/v1/operations/cGVycmlubi1kNWZjMS91cy1jZW50cmFsMS9uZXdTdHJpcGVDaGFyZ2Uvc3pEZU9EdjhGbFE  
 
[debug] [2019-02-08T16:05:10.595Z] >>> HTTP REQUEST GET https://cloudfunctions.googleapis.com/v1/operations/cGVycmlubi1kNWZjMS91cy1jZW50cmFsMS9uZXdVc2VyUHJvZmlsZS84QlF4OFZIeE9oNA  
 
[debug] [2019-02-08T16:05:10.595Z] >>> HTTP REQUEST GET https://cloudfunctions.googleapis.com/v1/operations/cGVycmlubi1kNWZjMS91cy1jZW50cmFsMS9uZXdNZXNzYWdlL2l5czg2aUVzVEY4  
 
[debug] [2019-02-08T16:05:10.596Z] >>> HTTP REQUEST GET https://cloudfunctions.googleapis.com/v1/operations/cGVycmlubi1kNWZjMS91cy1jZW50cmFsMS9uZXdNZXNzYWdlUmVhZC9nc2h6RHFIbUVrNA  
 
[debug] [2019-02-08T16:05:10.596Z] >>> HTTP REQUEST GET https://cloudfunctions.googleapis.com/v1/operations/cGVycmlubi1kNWZjMS91cy1jZW50cmFsMS9wcm9jZXNzSW1hZ2UvbjZ5MEh1TjBxOWs  
 
[debug] [2019-02-08T16:05:10.596Z] >>> HTTP REQUEST GET https://cloudfunctions.googleapis.com/v1/operations/cGVycmlubi1kNWZjMS91cy1jZW50cmFsMS9mYW5vdXRUZWFtL19XQTV5R0hLVm9z  
 
[debug] [2019-02-08T16:05:10.596Z] >>> HTTP REQUEST GET https://cloudfunctions.googleapis.com/v1/operations/cGVycmlubi1kNWZjMS91cy1jZW50cmFsMS9uZXdJbWFnZVRlYW1TdWJzY3JpcHRpb24vZ2x4bUhMajFvTzA  
 
[debug] [2019-02-08T16:05:10.596Z] >>> HTTP REQUEST GET https://cloudfunctions.googleapis.com/v1/operations/cGVycmlubi1kNWZjMS91cy1jZW50cmFsMS9uZXdUZWFtL2xjc2EwUkk5SENn  
 
[debug] [2019-02-08T16:05:10.596Z] >>> HTTP REQUEST GET https://cloudfunctions.googleapis.com/v1/operations/cGVycmlubi1kNWZjMS91cy1jZW50cmFsMS90ZWFtQ3JlYXRpb24vWkZQVl9MVTFqQjg  
 
[debug] [2019-02-08T16:05:10.596Z] >>> HTTP REQUEST GET https://cloudfunctions.googleapis.com/v1/operations/cGVycmlubi1kNWZjMS91cy1jZW50cmFsMS9wb3B1bGF0ZUxlYWRlcnNNZW1iZXJzTmFtZXMvNV9QamwtYVc1ZDg  
 
[debug] [2019-02-08T16:05:10.597Z] >>> HTTP REQUEST GET https://cloudfunctions.googleapis.com/v1/operations/cGVycmlubi1kNWZjMS91cy1jZW50cmFsMS9jb3B5UEVSUklOTlRlYW1zVG9GSVJFU1RPUkUvTHN6c3dRMV8wVjg  
 
[debug] [2019-02-08T16:05:10.875Z] <<< HTTP RESPONSE 200
[debug] [2019-02-08T16:05:10.884Z] <<< HTTP RESPONSE 200
[debug] [2019-02-08T16:05:10.885Z] <<< HTTP RESPONSE 200
[debug] [2019-02-08T16:05:10.886Z] <<< HTTP RESPONSE 200
[debug] [2019-02-08T16:05:10.886Z] <<< HTTP RESPONSE 200
[debug] [2019-02-08T16:05:10.902Z] <<< HTTP RESPONSE 200
[debug] [2019-02-08T16:05:10.910Z] <<< HTTP RESPONSE 200
[debug] [2019-02-08T16:05:10.911Z] <<< HTTP RESPONSE 200
[debug] [2019-02-08T16:05:10.920Z] <<< HTTP RESPONSE 200
[debug] [2019-02-08T16:05:10.921Z] <<< HTTP RESPONSE 200
[debug] [2019-02-08T16:05:10.930Z] <<< HTTP RESPONSE 200
[debug] [2019-02-08T16:05:10.943Z] <<< HTTP RESPONSE 200
[debug] [2019-02-08T16:05:12.883Z] >>> HTTP REQUEST GET https://cloudfunctions.googleapis.com/v1/operations/cGVycmlubi1kNWZjMS91cy1jZW50cmFsMS9jcmVhdGVQRVJSSU5OVHJhbnNhY3Rpb25PblBheW1lbnRDb21wbGV0ZS85a1REeWNHekUxRQ  
 
[debug] [2019-02-08T16:05:12.885Z] >>> HTTP REQUEST GET https://cloudfunctions.googleapis.com/v1/operations/cGVycmlubi1kNWZjMS91cy1jZW50cmFsMS9uZXdVc2VyUHJvZmlsZS84QlF4OFZIeE9oNA  
 
[debug] [2019-02-08T16:05:12.886Z] >>> HTTP REQUEST GET https://cloudfunctions.googleapis.com/v1/operations/cGVycmlubi1kNWZjMS91cy1jZW50cmFsMS9uZXdTdHJpcGVDaGFyZ2Uvc3pEZU9EdjhGbFE  
 
[debug] [2019-02-08T16:05:12.888Z] >>> HTTP REQUEST GET https://cloudfunctions.googleapis.com/v1/operations/cGVycmlubi1kNWZjMS91cy1jZW50cmFsMS9wcm9jZXNzSW1hZ2UvbjZ5MEh1TjBxOWs  
 
[debug] [2019-02-08T16:05:12.888Z] >>> HTTP REQUEST GET https://cloudfunctions.googleapis.com/v1/operations/cGVycmlubi1kNWZjMS91cy1jZW50cmFsMS9uZXdNZXNzYWdlUmVhZC9nc2h6RHFIbUVrNA  
 
[debug] [2019-02-08T16:05:12.904Z] >>> HTTP REQUEST GET https://cloudfunctions.googleapis.com/v1/operations/cGVycmlubi1kNWZjMS91cy1jZW50cmFsMS9mYW5vdXRUZWFtL19XQTV5R0hLVm9z  
 
[debug] [2019-02-08T16:05:12.911Z] >>> HTTP REQUEST GET https://cloudfunctions.googleapis.com/v1/operations/cGVycmlubi1kNWZjMS91cy1jZW50cmFsMS9uZXdNZXNzYWdlL2l5czg2aUVzVEY4  
 
[debug] [2019-02-08T16:05:12.912Z] >>> HTTP REQUEST GET https://cloudfunctions.googleapis.com/v1/operations/cGVycmlubi1kNWZjMS91cy1jZW50cmFsMS90ZWFtQ3JlYXRpb24vWkZQVl9MVTFqQjg  
 
[debug] [2019-02-08T16:05:12.922Z] >>> HTTP REQUEST GET https://cloudfunctions.googleapis.com/v1/operations/cGVycmlubi1kNWZjMS91cy1jZW50cmFsMS9uZXdUZWFtL2xjc2EwUkk5SENn  
 
[debug] [2019-02-08T16:05:12.923Z] >>> HTTP REQUEST GET https://cloudfunctions.googleapis.com/v1/operations/cGVycmlubi1kNWZjMS91cy1jZW50cmFsMS9uZXdJbWFnZVRlYW1TdWJzY3JpcHRpb24vZ2x4bUhMajFvTzA  
 
[debug] [2019-02-08T16:05:12.931Z] >>> HTTP REQUEST GET https://cloudfunctions.googleapis.com/v1/operations/cGVycmlubi1kNWZjMS91cy1jZW50cmFsMS9wb3B1bGF0ZUxlYWRlcnNNZW1iZXJzTmFtZXMvNV9QamwtYVc1ZDg  
 
[debug] [2019-02-08T16:05:12.943Z] >>> HTTP REQUEST GET https://cloudfunctions.googleapis.com/v1/operations/cGVycmlubi1kNWZjMS91cy1jZW50cmFsMS9jb3B5UEVSUklOTlRlYW1zVG9GSVJFU1RPUkUvTHN6c3dRMV8wVjg  
 
[debug] [2019-02-08T16:05:13.111Z] <<< HTTP RESPONSE 200
[debug] [2019-02-08T16:05:13.120Z] <<< HTTP RESPONSE 200
[debug] [2019-02-08T16:05:13.120Z] <<< HTTP RESPONSE 200
[debug] [2019-02-08T16:05:13.126Z] <<< HTTP RESPONSE 200
[debug] [2019-02-08T16:05:13.132Z] <<< HTTP RESPONSE 200
[debug] [2019-02-08T16:05:13.195Z] <<< HTTP RESPONSE 200
[debug] [2019-02-08T16:05:13.196Z] <<< HTTP RESPONSE 200
[debug] [2019-02-08T16:05:13.214Z] <<< HTTP RESPONSE 200
[debug] [2019-02-08T16:05:13.215Z] <<< HTTP RESPONSE 200
[debug] [2019-02-08T16:05:13.225Z] <<< HTTP RESPONSE 200
[debug] [2019-02-08T16:05:13.228Z] <<< HTTP RESPONSE 200
[debug] [2019-02-08T16:05:13.243Z] <<< HTTP RESPONSE 200
[debug] [2019-02-08T16:05:15.117Z] >>> HTTP REQUEST GET https://cloudfunctions.googleapis.com/v1/operations/cGVycmlubi1kNWZjMS91cy1jZW50cmFsMS9uZXdVc2VyUHJvZmlsZS84QlF4OFZIeE9oNA  
 
[debug] [2019-02-08T16:05:15.120Z] >>> HTTP REQUEST GET https://cloudfunctions.googleapis.com/v1/operations/cGVycmlubi1kNWZjMS91cy1jZW50cmFsMS9uZXdTdHJpcGVDaGFyZ2Uvc3pEZU9EdjhGbFE  
 
[debug] [2019-02-08T16:05:15.121Z] >>> HTTP REQUEST GET https://cloudfunctions.googleapis.com/v1/operations/cGVycmlubi1kNWZjMS91cy1jZW50cmFsMS9jcmVhdGVQRVJSSU5OVHJhbnNhY3Rpb25PblBheW1lbnRDb21wbGV0ZS85a1REeWNHekUxRQ  
 
[debug] [2019-02-08T16:05:15.127Z] >>> HTTP REQUEST GET https://cloudfunctions.googleapis.com/v1/operations/cGVycmlubi1kNWZjMS91cy1jZW50cmFsMS9wcm9jZXNzSW1hZ2UvbjZ5MEh1TjBxOWs  
 
[debug] [2019-02-08T16:05:15.133Z] >>> HTTP REQUEST GET https://cloudfunctions.googleapis.com/v1/operations/cGVycmlubi1kNWZjMS91cy1jZW50cmFsMS9uZXdNZXNzYWdlUmVhZC9nc2h6RHFIbUVrNA  
 
[debug] [2019-02-08T16:05:15.198Z] >>> HTTP REQUEST GET https://cloudfunctions.googleapis.com/v1/operations/cGVycmlubi1kNWZjMS91cy1jZW50cmFsMS9uZXdNZXNzYWdlL2l5czg2aUVzVEY4  
 
[debug] [2019-02-08T16:05:15.199Z] >>> HTTP REQUEST GET https://cloudfunctions.googleapis.com/v1/operations/cGVycmlubi1kNWZjMS91cy1jZW50cmFsMS9mYW5vdXRUZWFtL19XQTV5R0hLVm9z  
 
[debug] [2019-02-08T16:05:15.215Z] >>> HTTP REQUEST GET https://cloudfunctions.googleapis.com/v1/operations/cGVycmlubi1kNWZjMS91cy1jZW50cmFsMS9uZXdJbWFnZVRlYW1TdWJzY3JpcHRpb24vZ2x4bUhMajFvTzA  
 
[debug] [2019-02-08T16:05:15.215Z] >>> HTTP REQUEST GET https://cloudfunctions.googleapis.com/v1/operations/cGVycmlubi1kNWZjMS91cy1jZW50cmFsMS9wb3B1bGF0ZUxlYWRlcnNNZW1iZXJzTmFtZXMvNV9QamwtYVc1ZDg  
 
[debug] [2019-02-08T16:05:15.227Z] >>> HTTP REQUEST GET https://cloudfunctions.googleapis.com/v1/operations/cGVycmlubi1kNWZjMS91cy1jZW50cmFsMS9jb3B5UEVSUklOTlRlYW1zVG9GSVJFU1RPUkUvTHN6c3dRMV8wVjg  
 
[debug] [2019-02-08T16:05:15.230Z] >>> HTTP REQUEST GET https://cloudfunctions.googleapis.com/v1/operations/cGVycmlubi1kNWZjMS91cy1jZW50cmFsMS9uZXdUZWFtL2xjc2EwUkk5SENn  
 
[debug] [2019-02-08T16:05:15.247Z] >>> HTTP REQUEST GET https://cloudfunctions.googleapis.com/v1/operations/cGVycmlubi1kNWZjMS91cy1jZW50cmFsMS90ZWFtQ3JlYXRpb24vWkZQVl9MVTFqQjg  
 
[debug] [2019-02-08T16:05:15.352Z] <<< HTTP RESPONSE 200
[debug] [2019-02-08T16:05:15.360Z] <<< HTTP RESPONSE 200
[debug] [2019-02-08T16:05:15.361Z] <<< HTTP RESPONSE 200
[debug] [2019-02-08T16:05:15.367Z] <<< HTTP RESPONSE 200
[debug] [2019-02-08T16:05:15.427Z] <<< HTTP RESPONSE 200
[debug] [2019-02-08T16:05:15.471Z] <<< HTTP RESPONSE 200
[debug] [2019-02-08T16:05:15.480Z] <<< HTTP RESPONSE 200
[debug] [2019-02-08T16:05:15.490Z] <<< HTTP RESPONSE 200
[debug] [2019-02-08T16:05:15.499Z] <<< HTTP RESPONSE 200
[debug] [2019-02-08T16:05:15.503Z] <<< HTTP RESPONSE 200
[debug] [2019-02-08T16:05:15.512Z] <<< HTTP RESPONSE 200
[debug] [2019-02-08T16:05:15.544Z] <<< HTTP RESPONSE 200
[debug] [2019-02-08T16:05:17.353Z] >>> HTTP REQUEST GET https://cloudfunctions.googleapis.com/v1/operations/cGVycmlubi1kNWZjMS91cy1jZW50cmFsMS9uZXdVc2VyUHJvZmlsZS84QlF4OFZIeE9oNA  
 
[debug] [2019-02-08T16:05:17.360Z] >>> HTTP REQUEST GET https://cloudfunctions.googleapis.com/v1/operations/cGVycmlubi1kNWZjMS91cy1jZW50cmFsMS9wcm9jZXNzSW1hZ2UvbjZ5MEh1TjBxOWs  
 
[debug] [2019-02-08T16:05:17.361Z] >>> HTTP REQUEST GET https://cloudfunctions.googleapis.com/v1/operations/cGVycmlubi1kNWZjMS91cy1jZW50cmFsMS9uZXdTdHJpcGVDaGFyZ2Uvc3pEZU9EdjhGbFE  
 
[debug] [2019-02-08T16:05:17.368Z] >>> HTTP REQUEST GET https://cloudfunctions.googleapis.com/v1/operations/cGVycmlubi1kNWZjMS91cy1jZW50cmFsMS9jcmVhdGVQRVJSSU5OVHJhbnNhY3Rpb25PblBheW1lbnRDb21wbGV0ZS85a1REeWNHekUxRQ  
 
[debug] [2019-02-08T16:05:17.430Z] >>> HTTP REQUEST GET https://cloudfunctions.googleapis.com/v1/operations/cGVycmlubi1kNWZjMS91cy1jZW50cmFsMS9uZXdNZXNzYWdlUmVhZC9nc2h6RHFIbUVrNA  
 
[debug] [2019-02-08T16:05:17.473Z] >>> HTTP REQUEST GET https://cloudfunctions.googleapis.com/v1/operations/cGVycmlubi1kNWZjMS91cy1jZW50cmFsMS9uZXdNZXNzYWdlL2l5czg2aUVzVEY4  
 
[debug] [2019-02-08T16:05:17.480Z] >>> HTTP REQUEST GET https://cloudfunctions.googleapis.com/v1/operations/cGVycmlubi1kNWZjMS91cy1jZW50cmFsMS9uZXdJbWFnZVRlYW1TdWJzY3JpcHRpb24vZ2x4bUhMajFvTzA  
 
[debug] [2019-02-08T16:05:17.490Z] >>> HTTP REQUEST GET https://cloudfunctions.googleapis.com/v1/operations/cGVycmlubi1kNWZjMS91cy1jZW50cmFsMS9mYW5vdXRUZWFtL19XQTV5R0hLVm9z  
 
[debug] [2019-02-08T16:05:17.500Z] >>> HTTP REQUEST GET https://cloudfunctions.googleapis.com/v1/operations/cGVycmlubi1kNWZjMS91cy1jZW50cmFsMS9wb3B1bGF0ZUxlYWRlcnNNZW1iZXJzTmFtZXMvNV9QamwtYVc1ZDg  
 
[debug] [2019-02-08T16:05:17.504Z] >>> HTTP REQUEST GET https://cloudfunctions.googleapis.com/v1/operations/cGVycmlubi1kNWZjMS91cy1jZW50cmFsMS9jb3B5UEVSUklOTlRlYW1zVG9GSVJFU1RPUkUvTHN6c3dRMV8wVjg  
 
[debug] [2019-02-08T16:05:17.512Z] >>> HTTP REQUEST GET https://cloudfunctions.googleapis.com/v1/operations/cGVycmlubi1kNWZjMS91cy1jZW50cmFsMS9uZXdUZWFtL2xjc2EwUkk5SENn  
 
[debug] [2019-02-08T16:05:17.547Z] >>> HTTP REQUEST GET https://cloudfunctions.googleapis.com/v1/operations/cGVycmlubi1kNWZjMS91cy1jZW50cmFsMS90ZWFtQ3JlYXRpb24vWkZQVl9MVTFqQjg  
 
[debug] [2019-02-08T16:05:17.566Z] <<< HTTP RESPONSE 200
[debug] [2019-02-08T16:05:17.570Z] <<< HTTP RESPONSE 200
[debug] [2019-02-08T16:05:17.577Z] <<< HTTP RESPONSE 200
[debug] [2019-02-08T16:05:17.587Z] <<< HTTP RESPONSE 200
[debug] [2019-02-08T16:05:17.642Z] <<< HTTP RESPONSE 200
[debug] [2019-02-08T16:05:17.696Z] <<< HTTP RESPONSE 200
[debug] [2019-02-08T16:05:17.707Z] <<< HTTP RESPONSE 200
[debug] [2019-02-08T16:05:17.736Z] <<< HTTP RESPONSE 200
[debug] [2019-02-08T16:05:17.761Z] <<< HTTP RESPONSE 200
[debug] [2019-02-08T16:05:17.798Z] <<< HTTP RESPONSE 200
[debug] [2019-02-08T16:05:17.806Z] <<< HTTP RESPONSE 200
[debug] [2019-02-08T16:05:17.844Z] <<< HTTP RESPONSE 200
[debug] [2019-02-08T16:05:19.570Z] >>> HTTP REQUEST GET https://cloudfunctions.googleapis.com/v1/operations/cGVycmlubi1kNWZjMS91cy1jZW50cmFsMS9uZXdVc2VyUHJvZmlsZS84QlF4OFZIeE9oNA  
 
[debug] [2019-02-08T16:05:19.573Z] >>> HTTP REQUEST GET https://cloudfunctions.googleapis.com/v1/operations/cGVycmlubi1kNWZjMS91cy1jZW50cmFsMS9wcm9jZXNzSW1hZ2UvbjZ5MEh1TjBxOWs  
 
[debug] [2019-02-08T16:05:19.577Z] >>> HTTP REQUEST GET https://cloudfunctions.googleapis.com/v1/operations/cGVycmlubi1kNWZjMS91cy1jZW50cmFsMS9uZXdTdHJpcGVDaGFyZ2Uvc3pEZU9EdjhGbFE  
 
[debug] [2019-02-08T16:05:19.589Z] >>> HTTP REQUEST GET https://cloudfunctions.googleapis.com/v1/operations/cGVycmlubi1kNWZjMS91cy1jZW50cmFsMS9jcmVhdGVQRVJSSU5OVHJhbnNhY3Rpb25PblBheW1lbnRDb21wbGV0ZS85a1REeWNHekUxRQ  
 
[debug] [2019-02-08T16:05:19.643Z] >>> HTTP REQUEST GET https://cloudfunctions.googleapis.com/v1/operations/cGVycmlubi1kNWZjMS91cy1jZW50cmFsMS9uZXdNZXNzYWdlUmVhZC9nc2h6RHFIbUVrNA  
 
[debug] [2019-02-08T16:05:19.698Z] >>> HTTP REQUEST GET https://cloudfunctions.googleapis.com/v1/operations/cGVycmlubi1kNWZjMS91cy1jZW50cmFsMS9uZXdNZXNzYWdlL2l5czg2aUVzVEY4  
 
[debug] [2019-02-08T16:05:19.707Z] >>> HTTP REQUEST GET https://cloudfunctions.googleapis.com/v1/operations/cGVycmlubi1kNWZjMS91cy1jZW50cmFsMS9uZXdJbWFnZVRlYW1TdWJzY3JpcHRpb24vZ2x4bUhMajFvTzA  
 
[debug] [2019-02-08T16:05:19.738Z] >>> HTTP REQUEST GET https://cloudfunctions.googleapis.com/v1/operations/cGVycmlubi1kNWZjMS91cy1jZW50cmFsMS9mYW5vdXRUZWFtL19XQTV5R0hLVm9z  
 
[debug] [2019-02-08T16:05:19.761Z] >>> HTTP REQUEST GET https://cloudfunctions.googleapis.com/v1/operations/cGVycmlubi1kNWZjMS91cy1jZW50cmFsMS9wb3B1bGF0ZUxlYWRlcnNNZW1iZXJzTmFtZXMvNV9QamwtYVc1ZDg  
 
[debug] [2019-02-08T16:05:19.800Z] >>> HTTP REQUEST GET https://cloudfunctions.googleapis.com/v1/operations/cGVycmlubi1kNWZjMS91cy1jZW50cmFsMS9jb3B5UEVSUklOTlRlYW1zVG9GSVJFU1RPUkUvTHN6c3dRMV8wVjg  
 
[debug] [2019-02-08T16:05:19.807Z] >>> HTTP REQUEST GET https://cloudfunctions.googleapis.com/v1/operations/cGVycmlubi1kNWZjMS91cy1jZW50cmFsMS9uZXdUZWFtL2xjc2EwUkk5SENn  
 
[debug] [2019-02-08T16:05:19.845Z] >>> HTTP REQUEST GET https://cloudfunctions.googleapis.com/v1/operations/cGVycmlubi1kNWZjMS91cy1jZW50cmFsMS90ZWFtQ3JlYXRpb24vWkZQVl9MVTFqQjg  
 
[debug] [2019-02-08T16:05:19.866Z] <<< HTTP RESPONSE 200
[debug] [2019-02-08T16:05:19.873Z] <<< HTTP RESPONSE 200
[debug] [2019-02-08T16:05:19.880Z] <<< HTTP RESPONSE 200
[debug] [2019-02-08T16:05:19.988Z] <<< HTTP RESPONSE 200
[debug] [2019-02-08T16:05:20.018Z] <<< HTTP RESPONSE 200
[debug] [2019-02-08T16:05:20.050Z] <<< HTTP RESPONSE 200
[debug] [2019-02-08T16:05:20.079Z] <<< HTTP RESPONSE 200
[debug] [2019-02-08T16:05:20.080Z] <<< HTTP RESPONSE 200
[debug] [2019-02-08T16:05:20.081Z] <<< HTTP RESPONSE 200
[debug] [2019-02-08T16:05:20.112Z] <<< HTTP RESPONSE 200
[debug] [2019-02-08T16:05:20.122Z] <<< HTTP RESPONSE 200
[debug] [2019-02-08T16:05:20.129Z] <<< HTTP RESPONSE 200
[debug] [2019-02-08T16:05:21.868Z] >>> HTTP REQUEST GET https://cloudfunctions.googleapis.com/v1/operations/cGVycmlubi1kNWZjMS91cy1jZW50cmFsMS9wcm9jZXNzSW1hZ2UvbjZ5MEh1TjBxOWs  
 
[debug] [2019-02-08T16:05:21.875Z] >>> HTTP REQUEST GET https://cloudfunctions.googleapis.com/v1/operations/cGVycmlubi1kNWZjMS91cy1jZW50cmFsMS9uZXdVc2VyUHJvZmlsZS84QlF4OFZIeE9oNA  
 
[debug] [2019-02-08T16:05:21.882Z] >>> HTTP REQUEST GET https://cloudfunctions.googleapis.com/v1/operations/cGVycmlubi1kNWZjMS91cy1jZW50cmFsMS9uZXdTdHJpcGVDaGFyZ2Uvc3pEZU9EdjhGbFE  
 
[debug] [2019-02-08T16:05:21.993Z] >>> HTTP REQUEST GET https://cloudfunctions.googleapis.com/v1/operations/cGVycmlubi1kNWZjMS91cy1jZW50cmFsMS9jcmVhdGVQRVJSSU5OVHJhbnNhY3Rpb25PblBheW1lbnRDb21wbGV0ZS85a1REeWNHekUxRQ  
 
[debug] [2019-02-08T16:05:22.020Z] >>> HTTP REQUEST GET https://cloudfunctions.googleapis.com/v1/operations/cGVycmlubi1kNWZjMS91cy1jZW50cmFsMS9uZXdNZXNzYWdlUmVhZC9nc2h6RHFIbUVrNA  
 
[debug] [2019-02-08T16:05:22.051Z] >>> HTTP REQUEST GET https://cloudfunctions.googleapis.com/v1/operations/cGVycmlubi1kNWZjMS91cy1jZW50cmFsMS9uZXdJbWFnZVRlYW1TdWJzY3JpcHRpb24vZ2x4bUhMajFvTzA  
 
[debug] [2019-02-08T16:05:22.080Z] >>> HTTP REQUEST GET https://cloudfunctions.googleapis.com/v1/operations/cGVycmlubi1kNWZjMS91cy1jZW50cmFsMS9mYW5vdXRUZWFtL19XQTV5R0hLVm9z  
 
[debug] [2019-02-08T16:05:22.080Z] >>> HTTP REQUEST GET https://cloudfunctions.googleapis.com/v1/operations/cGVycmlubi1kNWZjMS91cy1jZW50cmFsMS9wb3B1bGF0ZUxlYWRlcnNNZW1iZXJzTmFtZXMvNV9QamwtYVc1ZDg  
 
[debug] [2019-02-08T16:05:22.084Z] >>> HTTP REQUEST GET https://cloudfunctions.googleapis.com/v1/operations/cGVycmlubi1kNWZjMS91cy1jZW50cmFsMS9uZXdNZXNzYWdlL2l5czg2aUVzVEY4  
 
[debug] [2019-02-08T16:05:22.108Z] <<< HTTP RESPONSE 200
[debug] [2019-02-08T16:05:22.113Z] <<< HTTP RESPONSE 200
[debug] [2019-02-08T16:05:22.114Z] >>> HTTP REQUEST GET https://cloudfunctions.googleapis.com/v1/operations/cGVycmlubi1kNWZjMS91cy1jZW50cmFsMS9jb3B5UEVSUklOTlRlYW1zVG9GSVJFU1RPUkUvTHN6c3dRMV8wVjg  
 
[debug] [2019-02-08T16:05:22.124Z] >>> HTTP REQUEST GET https://cloudfunctions.googleapis.com/v1/operations/cGVycmlubi1kNWZjMS91cy1jZW50cmFsMS90ZWFtQ3JlYXRpb24vWkZQVl9MVTFqQjg  
 
[debug] [2019-02-08T16:05:22.130Z] >>> HTTP REQUEST GET https://cloudfunctions.googleapis.com/v1/operations/cGVycmlubi1kNWZjMS91cy1jZW50cmFsMS9uZXdUZWFtL2xjc2EwUkk5SENn  
 
[debug] [2019-02-08T16:05:22.145Z] <<< HTTP RESPONSE 200
[debug] [2019-02-08T16:05:22.291Z] <<< HTTP RESPONSE 200
[debug] [2019-02-08T16:05:22.305Z] <<< HTTP RESPONSE 200
[debug] [2019-02-08T16:05:22.309Z] <<< HTTP RESPONSE 200
[debug] [2019-02-08T16:05:22.323Z] <<< HTTP RESPONSE 200
[debug] [2019-02-08T16:05:22.329Z] <<< HTTP RESPONSE 200
[debug] [2019-02-08T16:05:22.333Z] <<< HTTP RESPONSE 200
[debug] [2019-02-08T16:05:22.397Z] <<< HTTP RESPONSE 200
[debug] [2019-02-08T16:05:22.402Z] <<< HTTP RESPONSE 200
[debug] [2019-02-08T16:05:22.407Z] <<< HTTP RESPONSE 200
[debug] [2019-02-08T16:05:24.113Z] >>> HTTP REQUEST GET https://cloudfunctions.googleapis.com/v1/operations/cGVycmlubi1kNWZjMS91cy1jZW50cmFsMS9wcm9jZXNzSW1hZ2UvbjZ5MEh1TjBxOWs  
 
[debug] [2019-02-08T16:05:24.114Z] >>> HTTP REQUEST GET https://cloudfunctions.googleapis.com/v1/operations/cGVycmlubi1kNWZjMS91cy1jZW50cmFsMS9uZXdVc2VyUHJvZmlsZS84QlF4OFZIeE9oNA  
 
[debug] [2019-02-08T16:05:24.146Z] >>> HTTP REQUEST GET https://cloudfunctions.googleapis.com/v1/operations/cGVycmlubi1kNWZjMS91cy1jZW50cmFsMS9uZXdTdHJpcGVDaGFyZ2Uvc3pEZU9EdjhGbFE  
 
[debug] [2019-02-08T16:05:24.297Z] >>> HTTP REQUEST GET https://cloudfunctions.googleapis.com/v1/operations/cGVycmlubi1kNWZjMS91cy1jZW50cmFsMS9uZXdNZXNzYWdlUmVhZC9nc2h6RHFIbUVrNA  
 
[debug] [2019-02-08T16:05:24.305Z] >>> HTTP REQUEST GET https://cloudfunctions.googleapis.com/v1/operations/cGVycmlubi1kNWZjMS91cy1jZW50cmFsMS9uZXdJbWFnZVRlYW1TdWJzY3JpcHRpb24vZ2x4bUhMajFvTzA  
 
[debug] [2019-02-08T16:05:24.310Z] >>> HTTP REQUEST GET https://cloudfunctions.googleapis.com/v1/operations/cGVycmlubi1kNWZjMS91cy1jZW50cmFsMS9mYW5vdXRUZWFtL19XQTV5R0hLVm9z  
 
[debug] [2019-02-08T16:05:24.324Z] >>> HTTP REQUEST GET https://cloudfunctions.googleapis.com/v1/operations/cGVycmlubi1kNWZjMS91cy1jZW50cmFsMS9wb3B1bGF0ZUxlYWRlcnNNZW1iZXJzTmFtZXMvNV9QamwtYVc1ZDg  
 
[debug] [2019-02-08T16:05:24.329Z] >>> HTTP REQUEST GET https://cloudfunctions.googleapis.com/v1/operations/cGVycmlubi1kNWZjMS91cy1jZW50cmFsMS9jcmVhdGVQRVJSSU5OVHJhbnNhY3Rpb25PblBheW1lbnRDb21wbGV0ZS85a1REeWNHekUxRQ  
 
[debug] [2019-02-08T16:05:24.335Z] >>> HTTP REQUEST GET https://cloudfunctions.googleapis.com/v1/operations/cGVycmlubi1kNWZjMS91cy1jZW50cmFsMS9uZXdNZXNzYWdlL2l5czg2aUVzVEY4  
 
[debug] [2019-02-08T16:05:24.358Z] <<< HTTP RESPONSE 200
[debug] [2019-02-08T16:05:24.359Z] <<< HTTP RESPONSE 200
[debug] [2019-02-08T16:05:24.398Z] >>> HTTP REQUEST GET https://cloudfunctions.googleapis.com/v1/operations/cGVycmlubi1kNWZjMS91cy1jZW50cmFsMS9uZXdUZWFtL2xjc2EwUkk5SENn  
 
[debug] [2019-02-08T16:05:24.400Z] <<< HTTP RESPONSE 200
[debug] [2019-02-08T16:05:24.402Z] >>> HTTP REQUEST GET https://cloudfunctions.googleapis.com/v1/operations/cGVycmlubi1kNWZjMS91cy1jZW50cmFsMS90ZWFtQ3JlYXRpb24vWkZQVl9MVTFqQjg  
 
[debug] [2019-02-08T16:05:24.408Z] >>> HTTP REQUEST GET https://cloudfunctions.googleapis.com/v1/operations/cGVycmlubi1kNWZjMS91cy1jZW50cmFsMS9jb3B5UEVSUklOTlRlYW1zVG9GSVJFU1RPUkUvTHN6c3dRMV8wVjg  
 
[debug] [2019-02-08T16:05:24.554Z] <<< HTTP RESPONSE 200
[debug] [2019-02-08T16:05:24.589Z] <<< HTTP RESPONSE 200
[debug] [2019-02-08T16:05:24.593Z] <<< HTTP RESPONSE 200
[debug] [2019-02-08T16:05:24.603Z] <<< HTTP RESPONSE 200
[debug] [2019-02-08T16:05:24.650Z] <<< HTTP RESPONSE 200
[debug] [2019-02-08T16:05:24.671Z] <<< HTTP RESPONSE 200
[debug] [2019-02-08T16:05:24.702Z] <<< HTTP RESPONSE 200
[debug] [2019-02-08T16:05:24.729Z] <<< HTTP RESPONSE 200
[debug] [2019-02-08T16:05:24.740Z] <<< HTTP RESPONSE 200
[debug] [2019-02-08T16:05:26.364Z] >>> HTTP REQUEST GET https://cloudfunctions.googleapis.com/v1/operations/cGVycmlubi1kNWZjMS91cy1jZW50cmFsMS9wcm9jZXNzSW1hZ2UvbjZ5MEh1TjBxOWs  
 
[debug] [2019-02-08T16:05:26.365Z] >>> HTTP REQUEST GET https://cloudfunctions.googleapis.com/v1/operations/cGVycmlubi1kNWZjMS91cy1jZW50cmFsMS9uZXdVc2VyUHJvZmlsZS84QlF4OFZIeE9oNA  
 
[debug] [2019-02-08T16:05:26.402Z] >>> HTTP REQUEST GET https://cloudfunctions.googleapis.com/v1/operations/cGVycmlubi1kNWZjMS91cy1jZW50cmFsMS9uZXdTdHJpcGVDaGFyZ2Uvc3pEZU9EdjhGbFE  
 
[debug] [2019-02-08T16:05:26.560Z] >>> HTTP REQUEST GET https://cloudfunctions.googleapis.com/v1/operations/cGVycmlubi1kNWZjMS91cy1jZW50cmFsMS9uZXdNZXNzYWdlUmVhZC9nc2h6RHFIbUVrNA  
 
[debug] [2019-02-08T16:05:26.590Z] >>> HTTP REQUEST GET https://cloudfunctions.googleapis.com/v1/operations/cGVycmlubi1kNWZjMS91cy1jZW50cmFsMS9mYW5vdXRUZWFtL19XQTV5R0hLVm9z  
 
[debug] [2019-02-08T16:05:26.594Z] >>> HTTP REQUEST GET https://cloudfunctions.googleapis.com/v1/operations/cGVycmlubi1kNWZjMS91cy1jZW50cmFsMS9uZXdJbWFnZVRlYW1TdWJzY3JpcHRpb24vZ2x4bUhMajFvTzA  
 
[debug] [2019-02-08T16:05:26.597Z] <<< HTTP RESPONSE 200
[debug] [2019-02-08T16:05:26.605Z] >>> HTTP REQUEST GET https://cloudfunctions.googleapis.com/v1/operations/cGVycmlubi1kNWZjMS91cy1jZW50cmFsMS9wb3B1bGF0ZUxlYWRlcnNNZW1iZXJzTmFtZXMvNV9QamwtYVc1ZDg  
 
[debug] [2019-02-08T16:05:26.612Z] <<< HTTP RESPONSE 200
[debug] [2019-02-08T16:05:26.646Z] <<< HTTP RESPONSE 200
[debug] [2019-02-08T16:05:26.653Z] >>> HTTP REQUEST GET https://cloudfunctions.googleapis.com/v1/operations/cGVycmlubi1kNWZjMS91cy1jZW50cmFsMS9jcmVhdGVQRVJSSU5OVHJhbnNhY3Rpb25PblBheW1lbnRDb21wbGV0ZS85a1REeWNHekUxRQ  
 
[debug] [2019-02-08T16:05:26.673Z] >>> HTTP REQUEST GET https://cloudfunctions.googleapis.com/v1/operations/cGVycmlubi1kNWZjMS91cy1jZW50cmFsMS9uZXdNZXNzYWdlL2l5czg2aUVzVEY4  
 
[debug] [2019-02-08T16:05:26.704Z] >>> HTTP REQUEST GET https://cloudfunctions.googleapis.com/v1/operations/cGVycmlubi1kNWZjMS91cy1jZW50cmFsMS9uZXdUZWFtL2xjc2EwUkk5SENn  
 
[debug] [2019-02-08T16:05:26.731Z] >>> HTTP REQUEST GET https://cloudfunctions.googleapis.com/v1/operations/cGVycmlubi1kNWZjMS91cy1jZW50cmFsMS90ZWFtQ3JlYXRpb24vWkZQVl9MVTFqQjg  
 
[debug] [2019-02-08T16:05:26.741Z] >>> HTTP REQUEST GET https://cloudfunctions.googleapis.com/v1/operations/cGVycmlubi1kNWZjMS91cy1jZW50cmFsMS9jb3B5UEVSUklOTlRlYW1zVG9GSVJFU1RPUkUvTHN6c3dRMV8wVjg  
 
[debug] [2019-02-08T16:05:26.815Z] <<< HTTP RESPONSE 200
[debug] [2019-02-08T16:05:26.847Z] <<< HTTP RESPONSE 200
[debug] [2019-02-08T16:05:26.851Z] <<< HTTP RESPONSE 200
[debug] [2019-02-08T16:05:26.856Z] <<< HTTP RESPONSE 200
[debug] [2019-02-08T16:05:26.893Z] <<< HTTP RESPONSE 200
[debug] [2019-02-08T16:05:26.924Z] <<< HTTP RESPONSE 200
[debug] [2019-02-08T16:05:26.942Z] <<< HTTP RESPONSE 200
[debug] [2019-02-08T16:05:26.974Z] <<< HTTP RESPONSE 200
[debug] [2019-02-08T16:05:26.992Z] <<< HTTP RESPONSE 200
[debug] [2019-02-08T16:05:28.603Z] >>> HTTP REQUEST GET https://cloudfunctions.googleapis.com/v1/operations/cGVycmlubi1kNWZjMS91cy1jZW50cmFsMS9wcm9jZXNzSW1hZ2UvbjZ5MEh1TjBxOWs  
 
[debug] [2019-02-08T16:05:28.615Z] >>> HTTP REQUEST GET https://cloudfunctions.googleapis.com/v1/operations/cGVycmlubi1kNWZjMS91cy1jZW50cmFsMS9uZXdVc2VyUHJvZmlsZS84QlF4OFZIeE9oNA  
 
[debug] [2019-02-08T16:05:28.648Z] >>> HTTP REQUEST GET https://cloudfunctions.googleapis.com/v1/operations/cGVycmlubi1kNWZjMS91cy1jZW50cmFsMS9uZXdTdHJpcGVDaGFyZ2Uvc3pEZU9EdjhGbFE  
 
[debug] [2019-02-08T16:05:28.820Z] >>> HTTP REQUEST GET https://cloudfunctions.googleapis.com/v1/operations/cGVycmlubi1kNWZjMS91cy1jZW50cmFsMS9uZXdNZXNzYWdlUmVhZC9nc2h6RHFIbUVrNA  
 
[debug] [2019-02-08T16:05:28.848Z] >>> HTTP REQUEST GET https://cloudfunctions.googleapis.com/v1/operations/cGVycmlubi1kNWZjMS91cy1jZW50cmFsMS9mYW5vdXRUZWFtL19XQTV5R0hLVm9z  
 
[debug] [2019-02-08T16:05:28.852Z] >>> HTTP REQUEST GET https://cloudfunctions.googleapis.com/v1/operations/cGVycmlubi1kNWZjMS91cy1jZW50cmFsMS9wb3B1bGF0ZUxlYWRlcnNNZW1iZXJzTmFtZXMvNV9QamwtYVc1ZDg  
 
[debug] [2019-02-08T16:05:28.855Z] <<< HTTP RESPONSE 200
[debug] [2019-02-08T16:05:28.857Z] >>> HTTP REQUEST GET https://cloudfunctions.googleapis.com/v1/operations/cGVycmlubi1kNWZjMS91cy1jZW50cmFsMS9uZXdJbWFnZVRlYW1TdWJzY3JpcHRpb24vZ2x4bUhMajFvTzA  
 
[debug] [2019-02-08T16:05:28.881Z] <<< HTTP RESPONSE 200
[debug] [2019-02-08T16:05:28.893Z] >>> HTTP REQUEST GET https://cloudfunctions.googleapis.com/v1/operations/cGVycmlubi1kNWZjMS91cy1jZW50cmFsMS9jcmVhdGVQRVJSSU5OVHJhbnNhY3Rpb25PblBheW1lbnRDb21wbGV0ZS85a1REeWNHekUxRQ  
 
[debug] [2019-02-08T16:05:28.903Z] <<< HTTP RESPONSE 200
[debug] [2019-02-08T16:05:28.926Z] >>> HTTP REQUEST GET https://cloudfunctions.googleapis.com/v1/operations/cGVycmlubi1kNWZjMS91cy1jZW50cmFsMS9uZXdNZXNzYWdlL2l5czg2aUVzVEY4  
 
[debug] [2019-02-08T16:05:28.944Z] >>> HTTP REQUEST GET https://cloudfunctions.googleapis.com/v1/operations/cGVycmlubi1kNWZjMS91cy1jZW50cmFsMS9uZXdUZWFtL2xjc2EwUkk5SENn  
 
[debug] [2019-02-08T16:05:28.974Z] >>> HTTP REQUEST GET https://cloudfunctions.googleapis.com/v1/operations/cGVycmlubi1kNWZjMS91cy1jZW50cmFsMS90ZWFtQ3JlYXRpb24vWkZQVl9MVTFqQjg  
 
[debug] [2019-02-08T16:05:28.994Z] >>> HTTP REQUEST GET https://cloudfunctions.googleapis.com/v1/operations/cGVycmlubi1kNWZjMS91cy1jZW50cmFsMS9jb3B5UEVSUklOTlRlYW1zVG9GSVJFU1RPUkUvTHN6c3dRMV8wVjg  
 
[debug] [2019-02-08T16:05:29.049Z] <<< HTTP RESPONSE 200
[debug] [2019-02-08T16:05:29.104Z] <<< HTTP RESPONSE 200
[debug] [2019-02-08T16:05:29.125Z] <<< HTTP RESPONSE 200
[debug] [2019-02-08T16:05:29.126Z] <<< HTTP RESPONSE 200
[debug] [2019-02-08T16:05:29.141Z] <<< HTTP RESPONSE 200
[debug] [2019-02-08T16:05:29.195Z] <<< HTTP RESPONSE 200
[debug] [2019-02-08T16:05:29.205Z] <<< HTTP RESPONSE 200
[debug] [2019-02-08T16:05:29.214Z] <<< HTTP RESPONSE 200
[debug] [2019-02-08T16:05:29.243Z] <<< HTTP RESPONSE 200
[debug] [2019-02-08T16:05:30.861Z] >>> HTTP REQUEST GET https://cloudfunctions.googleapis.com/v1/operations/cGVycmlubi1kNWZjMS91cy1jZW50cmFsMS9uZXdVc2VyUHJvZmlsZS84QlF4OFZIeE9oNA  
 
[debug] [2019-02-08T16:05:30.886Z] >>> HTTP REQUEST GET https://cloudfunctions.googleapis.com/v1/operations/cGVycmlubi1kNWZjMS91cy1jZW50cmFsMS9wcm9jZXNzSW1hZ2UvbjZ5MEh1TjBxOWs  
 
[debug] [2019-02-08T16:05:30.907Z] >>> HTTP REQUEST GET https://cloudfunctions.googleapis.com/v1/operations/cGVycmlubi1kNWZjMS91cy1jZW50cmFsMS9uZXdTdHJpcGVDaGFyZ2Uvc3pEZU9EdjhGbFE  
 
[debug] [2019-02-08T16:05:31.055Z] >>> HTTP REQUEST GET https://cloudfunctions.googleapis.com/v1/operations/cGVycmlubi1kNWZjMS91cy1jZW50cmFsMS9uZXdNZXNzYWdlUmVhZC9nc2h6RHFIbUVrNA  
 
[debug] [2019-02-08T16:05:31.096Z] <<< HTTP RESPONSE 200
[debug] [2019-02-08T16:05:31.106Z] >>> HTTP REQUEST GET https://cloudfunctions.googleapis.com/v1/operations/cGVycmlubi1kNWZjMS91cy1jZW50cmFsMS9mYW5vdXRUZWFtL19XQTV5R0hLVm9z  
 
[debug] [2019-02-08T16:05:31.129Z] >>> HTTP REQUEST GET https://cloudfunctions.googleapis.com/v1/operations/cGVycmlubi1kNWZjMS91cy1jZW50cmFsMS9wb3B1bGF0ZUxlYWRlcnNNZW1iZXJzTmFtZXMvNV9QamwtYVc1ZDg  
 
[debug] [2019-02-08T16:05:31.129Z] >>> HTTP REQUEST GET https://cloudfunctions.googleapis.com/v1/operations/cGVycmlubi1kNWZjMS91cy1jZW50cmFsMS9uZXdJbWFnZVRlYW1TdWJzY3JpcHRpb24vZ2x4bUhMajFvTzA  
 
[debug] [2019-02-08T16:05:31.142Z] >>> HTTP REQUEST GET https://cloudfunctions.googleapis.com/v1/operations/cGVycmlubi1kNWZjMS91cy1jZW50cmFsMS9jcmVhdGVQRVJSSU5OVHJhbnNhY3Rpb25PblBheW1lbnRDb21wbGV0ZS85a1REeWNHekUxRQ  
 
[debug] [2019-02-08T16:05:31.144Z] <<< HTTP RESPONSE 200
[debug] [2019-02-08T16:05:31.147Z] <<< HTTP RESPONSE 200
[debug] [2019-02-08T16:05:31.196Z] >>> HTTP REQUEST GET https://cloudfunctions.googleapis.com/v1/operations/cGVycmlubi1kNWZjMS91cy1jZW50cmFsMS9uZXdNZXNzYWdlL2l5czg2aUVzVEY4  
 
[debug] [2019-02-08T16:05:31.208Z] >>> HTTP REQUEST GET https://cloudfunctions.googleapis.com/v1/operations/cGVycmlubi1kNWZjMS91cy1jZW50cmFsMS9uZXdUZWFtL2xjc2EwUkk5SENn  
 
[debug] [2019-02-08T16:05:31.216Z] >>> HTTP REQUEST GET https://cloudfunctions.googleapis.com/v1/operations/cGVycmlubi1kNWZjMS91cy1jZW50cmFsMS90ZWFtQ3JlYXRpb24vWkZQVl9MVTFqQjg  
 
[debug] [2019-02-08T16:05:31.245Z] >>> HTTP REQUEST GET https://cloudfunctions.googleapis.com/v1/operations/cGVycmlubi1kNWZjMS91cy1jZW50cmFsMS9jb3B5UEVSUklOTlRlYW1zVG9GSVJFU1RPUkUvTHN6c3dRMV8wVjg  
 
[debug] [2019-02-08T16:05:31.323Z] <<< HTTP RESPONSE 200
[debug] [2019-02-08T16:05:31.330Z] <<< HTTP RESPONSE 200
[debug] [2019-02-08T16:05:31.357Z] <<< HTTP RESPONSE 200
[debug] [2019-02-08T16:05:31.361Z] <<< HTTP RESPONSE 200
[debug] [2019-02-08T16:05:31.365Z] <<< HTTP RESPONSE 200
[debug] [2019-02-08T16:05:31.434Z] <<< HTTP RESPONSE 200
[debug] [2019-02-08T16:05:31.439Z] <<< HTTP RESPONSE 200
[debug] [2019-02-08T16:05:31.449Z] <<< HTTP RESPONSE 200
[debug] [2019-02-08T16:05:31.485Z] <<< HTTP RESPONSE 200
[debug] [2019-02-08T16:05:33.100Z] >>> HTTP REQUEST GET https://cloudfunctions.googleapis.com/v1/operations/cGVycmlubi1kNWZjMS91cy1jZW50cmFsMS9uZXdVc2VyUHJvZmlsZS84QlF4OFZIeE9oNA  
 
[debug] [2019-02-08T16:05:33.146Z] >>> HTTP REQUEST GET https://cloudfunctions.googleapis.com/v1/operations/cGVycmlubi1kNWZjMS91cy1jZW50cmFsMS9wcm9jZXNzSW1hZ2UvbjZ5MEh1TjBxOWs  
 
[debug] [2019-02-08T16:05:33.148Z] >>> HTTP REQUEST GET https://cloudfunctions.googleapis.com/v1/operations/cGVycmlubi1kNWZjMS91cy1jZW50cmFsMS9uZXdTdHJpcGVDaGFyZ2Uvc3pEZU9EdjhGbFE  
 
[debug] [2019-02-08T16:05:33.329Z] >>> HTTP REQUEST GET https://cloudfunctions.googleapis.com/v1/operations/cGVycmlubi1kNWZjMS91cy1jZW50cmFsMS9uZXdNZXNzYWdlUmVhZC9nc2h6RHFIbUVrNA  
 
[debug] [2019-02-08T16:05:33.332Z] >>> HTTP REQUEST GET https://cloudfunctions.googleapis.com/v1/operations/cGVycmlubi1kNWZjMS91cy1jZW50cmFsMS9mYW5vdXRUZWFtL19XQTV5R0hLVm9z  
 
[debug] [2019-02-08T16:05:33.344Z] <<< HTTP RESPONSE 200
[debug] [2019-02-08T16:05:33.357Z] >>> HTTP REQUEST GET https://cloudfunctions.googleapis.com/v1/operations/cGVycmlubi1kNWZjMS91cy1jZW50cmFsMS9wb3B1bGF0ZUxlYWRlcnNNZW1iZXJzTmFtZXMvNV9QamwtYVc1ZDg  
 
[debug] [2019-02-08T16:05:33.361Z] >>> HTTP REQUEST GET https://cloudfunctions.googleapis.com/v1/operations/cGVycmlubi1kNWZjMS91cy1jZW50cmFsMS9jcmVhdGVQRVJSSU5OVHJhbnNhY3Rpb25PblBheW1lbnRDb21wbGV0ZS85a1REeWNHekUxRQ  
 
[debug] [2019-02-08T16:05:33.366Z] >>> HTTP REQUEST GET https://cloudfunctions.googleapis.com/v1/operations/cGVycmlubi1kNWZjMS91cy1jZW50cmFsMS9uZXdJbWFnZVRlYW1TdWJzY3JpcHRpb24vZ2x4bUhMajFvTzA  
 
[debug] [2019-02-08T16:05:33.402Z] <<< HTTP RESPONSE 200
[debug] [2019-02-08T16:05:33.402Z] <<< HTTP RESPONSE 200
[debug] [2019-02-08T16:05:33.440Z] >>> HTTP REQUEST GET https://cloudfunctions.googleapis.com/v1/operations/cGVycmlubi1kNWZjMS91cy1jZW50cmFsMS9uZXdUZWFtL2xjc2EwUkk5SENn  
 
[debug] [2019-02-08T16:05:33.441Z] >>> HTTP REQUEST GET https://cloudfunctions.googleapis.com/v1/operations/cGVycmlubi1kNWZjMS91cy1jZW50cmFsMS9uZXdNZXNzYWdlL2l5czg2aUVzVEY4  
 
[debug] [2019-02-08T16:05:33.450Z] >>> HTTP REQUEST GET https://cloudfunctions.googleapis.com/v1/operations/cGVycmlubi1kNWZjMS91cy1jZW50cmFsMS90ZWFtQ3JlYXRpb24vWkZQVl9MVTFqQjg  
 
[debug] [2019-02-08T16:05:33.485Z] >>> HTTP REQUEST GET https://cloudfunctions.googleapis.com/v1/operations/cGVycmlubi1kNWZjMS91cy1jZW50cmFsMS9jb3B5UEVSUklOTlRlYW1zVG9GSVJFU1RPUkUvTHN6c3dRMV8wVjg  
 
[debug] [2019-02-08T16:05:33.574Z] <<< HTTP RESPONSE 200
[debug] [2019-02-08T16:05:33.587Z] <<< HTTP RESPONSE 200
[debug] [2019-02-08T16:05:33.619Z] <<< HTTP RESPONSE 200
[debug] [2019-02-08T16:05:33.628Z] <<< HTTP RESPONSE 200
[debug] [2019-02-08T16:05:33.651Z] <<< HTTP RESPONSE 200
[debug] [2019-02-08T16:05:33.691Z] <<< HTTP RESPONSE 200
[debug] [2019-02-08T16:05:33.710Z] <<< HTTP RESPONSE 200
[debug] [2019-02-08T16:05:33.711Z] <<< HTTP RESPONSE 200
[debug] [2019-02-08T16:05:33.725Z] <<< HTTP RESPONSE 200
[debug] [2019-02-08T16:05:35.345Z] >>> HTTP REQUEST GET https://cloudfunctions.googleapis.com/v1/operations/cGVycmlubi1kNWZjMS91cy1jZW50cmFsMS9uZXdVc2VyUHJvZmlsZS84QlF4OFZIeE9oNA  
 
[debug] [2019-02-08T16:05:35.404Z] >>> HTTP REQUEST GET https://cloudfunctions.googleapis.com/v1/operations/cGVycmlubi1kNWZjMS91cy1jZW50cmFsMS9wcm9jZXNzSW1hZ2UvbjZ5MEh1TjBxOWs  
 
[debug] [2019-02-08T16:05:35.405Z] >>> HTTP REQUEST GET https://cloudfunctions.googleapis.com/v1/operations/cGVycmlubi1kNWZjMS91cy1jZW50cmFsMS9uZXdTdHJpcGVDaGFyZ2Uvc3pEZU9EdjhGbFE  
 
[debug] [2019-02-08T16:05:35.575Z] <<< HTTP RESPONSE 200
[debug] [2019-02-08T16:05:35.576Z] >>> HTTP REQUEST GET https://cloudfunctions.googleapis.com/v1/operations/cGVycmlubi1kNWZjMS91cy1jZW50cmFsMS9uZXdNZXNzYWdlUmVhZC9nc2h6RHFIbUVrNA  
 
[debug] [2019-02-08T16:05:35.590Z] >>> HTTP REQUEST GET https://cloudfunctions.googleapis.com/v1/operations/cGVycmlubi1kNWZjMS91cy1jZW50cmFsMS9mYW5vdXRUZWFtL19XQTV5R0hLVm9z  
 
[debug] [2019-02-08T16:05:35.620Z] >>> HTTP REQUEST GET https://cloudfunctions.googleapis.com/v1/operations/cGVycmlubi1kNWZjMS91cy1jZW50cmFsMS9wb3B1bGF0ZUxlYWRlcnNNZW1iZXJzTmFtZXMvNV9QamwtYVc1ZDg  
 
[debug] [2019-02-08T16:05:35.629Z] >>> HTTP REQUEST GET https://cloudfunctions.googleapis.com/v1/operations/cGVycmlubi1kNWZjMS91cy1jZW50cmFsMS9jcmVhdGVQRVJSSU5OVHJhbnNhY3Rpb25PblBheW1lbnRDb21wbGV0ZS85a1REeWNHekUxRQ  
 
[debug] [2019-02-08T16:05:35.652Z] >>> HTTP REQUEST GET https://cloudfunctions.googleapis.com/v1/operations/cGVycmlubi1kNWZjMS91cy1jZW50cmFsMS9uZXdJbWFnZVRlYW1TdWJzY3JpcHRpb24vZ2x4bUhMajFvTzA  
 
[debug] [2019-02-08T16:05:35.657Z] <<< HTTP RESPONSE 200
[debug] [2019-02-08T16:05:35.658Z] <<< HTTP RESPONSE 200
[debug] [2019-02-08T16:05:35.692Z] >>> HTTP REQUEST GET https://cloudfunctions.googleapis.com/v1/operations/cGVycmlubi1kNWZjMS91cy1jZW50cmFsMS9uZXdUZWFtL2xjc2EwUkk5SENn  
 
[debug] [2019-02-08T16:05:35.711Z] >>> HTTP REQUEST GET https://cloudfunctions.googleapis.com/v1/operations/cGVycmlubi1kNWZjMS91cy1jZW50cmFsMS90ZWFtQ3JlYXRpb24vWkZQVl9MVTFqQjg  
 
[debug] [2019-02-08T16:05:35.712Z] >>> HTTP REQUEST GET https://cloudfunctions.googleapis.com/v1/operations/cGVycmlubi1kNWZjMS91cy1jZW50cmFsMS9uZXdNZXNzYWdlL2l5czg2aUVzVEY4  
 
[debug] [2019-02-08T16:05:35.728Z] >>> HTTP REQUEST GET https://cloudfunctions.googleapis.com/v1/operations/cGVycmlubi1kNWZjMS91cy1jZW50cmFsMS9jb3B5UEVSUklOTlRlYW1zVG9GSVJFU1RPUkUvTHN6c3dRMV8wVjg  
 
[debug] [2019-02-08T16:05:35.816Z] <<< HTTP RESPONSE 200
[debug] [2019-02-08T16:05:35.817Z] <<< HTTP RESPONSE 200
[debug] [2019-02-08T16:05:35.843Z] <<< HTTP RESPONSE 200
[debug] [2019-02-08T16:05:35.857Z] <<< HTTP RESPONSE 200
[debug] [2019-02-08T16:05:35.902Z] <<< HTTP RESPONSE 200
[debug] [2019-02-08T16:05:35.937Z] <<< HTTP RESPONSE 200
[debug] [2019-02-08T16:05:35.959Z] <<< HTTP RESPONSE 200
[debug] [2019-02-08T16:05:35.970Z] <<< HTTP RESPONSE 200
[debug] [2019-02-08T16:05:35.971Z] <<< HTTP RESPONSE 200
[debug] [2019-02-08T16:05:37.579Z] >>> HTTP REQUEST GET https://cloudfunctions.googleapis.com/v1/operations/cGVycmlubi1kNWZjMS91cy1jZW50cmFsMS9uZXdVc2VyUHJvZmlsZS84QlF4OFZIeE9oNA  
 
[debug] [2019-02-08T16:05:37.659Z] >>> HTTP REQUEST GET https://cloudfunctions.googleapis.com/v1/operations/cGVycmlubi1kNWZjMS91cy1jZW50cmFsMS9uZXdTdHJpcGVDaGFyZ2Uvc3pEZU9EdjhGbFE  
 
[debug] [2019-02-08T16:05:37.659Z] >>> HTTP REQUEST GET https://cloudfunctions.googleapis.com/v1/operations/cGVycmlubi1kNWZjMS91cy1jZW50cmFsMS9wcm9jZXNzSW1hZ2UvbjZ5MEh1TjBxOWs  
 
[debug] [2019-02-08T16:05:37.817Z] >>> HTTP REQUEST GET https://cloudfunctions.googleapis.com/v1/operations/cGVycmlubi1kNWZjMS91cy1jZW50cmFsMS9uZXdNZXNzYWdlUmVhZC9nc2h6RHFIbUVrNA  
 
[debug] [2019-02-08T16:05:37.818Z] >>> HTTP REQUEST GET https://cloudfunctions.googleapis.com/v1/operations/cGVycmlubi1kNWZjMS91cy1jZW50cmFsMS9mYW5vdXRUZWFtL19XQTV5R0hLVm9z  
 
[debug] [2019-02-08T16:05:37.821Z] <<< HTTP RESPONSE 200
[debug] [2019-02-08T16:05:37.844Z] >>> HTTP REQUEST GET https://cloudfunctions.googleapis.com/v1/operations/cGVycmlubi1kNWZjMS91cy1jZW50cmFsMS9wb3B1bGF0ZUxlYWRlcnNNZW1iZXJzTmFtZXMvNV9QamwtYVc1ZDg  
 
[debug] [2019-02-08T16:05:37.859Z] >>> HTTP REQUEST GET https://cloudfunctions.googleapis.com/v1/operations/cGVycmlubi1kNWZjMS91cy1jZW50cmFsMS9jcmVhdGVQRVJSSU5OVHJhbnNhY3Rpb25PblBheW1lbnRDb21wbGV0ZS85a1REeWNHekUxRQ  
 
[debug] [2019-02-08T16:05:37.895Z] <<< HTTP RESPONSE 200
[debug] [2019-02-08T16:05:37.903Z] >>> HTTP REQUEST GET https://cloudfunctions.googleapis.com/v1/operations/cGVycmlubi1kNWZjMS91cy1jZW50cmFsMS9uZXdJbWFnZVRlYW1TdWJzY3JpcHRpb24vZ2x4bUhMajFvTzA  
 
[debug] [2019-02-08T16:05:37.908Z] <<< HTTP RESPONSE 200
[debug] [2019-02-08T16:05:37.940Z] >>> HTTP REQUEST GET https://cloudfunctions.googleapis.com/v1/operations/cGVycmlubi1kNWZjMS91cy1jZW50cmFsMS9uZXdUZWFtL2xjc2EwUkk5SENn  
 
[debug] [2019-02-08T16:05:37.964Z] >>> HTTP REQUEST GET https://cloudfunctions.googleapis.com/v1/operations/cGVycmlubi1kNWZjMS91cy1jZW50cmFsMS90ZWFtQ3JlYXRpb24vWkZQVl9MVTFqQjg  
 
[debug] [2019-02-08T16:05:37.971Z] >>> HTTP REQUEST GET https://cloudfunctions.googleapis.com/v1/operations/cGVycmlubi1kNWZjMS91cy1jZW50cmFsMS9uZXdNZXNzYWdlL2l5czg2aUVzVEY4  
 
[debug] [2019-02-08T16:05:37.973Z] >>> HTTP REQUEST GET https://cloudfunctions.googleapis.com/v1/operations/cGVycmlubi1kNWZjMS91cy1jZW50cmFsMS9jb3B5UEVSUklOTlRlYW1zVG9GSVJFU1RPUkUvTHN6c3dRMV8wVjg  
 
[debug] [2019-02-08T16:05:38.059Z] <<< HTTP RESPONSE 200
[debug] [2019-02-08T16:05:38.063Z] <<< HTTP RESPONSE 200
[debug] [2019-02-08T16:05:38.103Z] <<< HTTP RESPONSE 200
[debug] [2019-02-08T16:05:38.129Z] <<< HTTP RESPONSE 200
[info] ✔  functions[createPERRINNTransactionOnPaymentComplete(us-central1)]: Successful update operation. 
[debug] [2019-02-08T16:05:38.143Z] <<< HTTP RESPONSE 200
[debug] [2019-02-08T16:05:38.187Z] <<< HTTP RESPONSE 200
[debug] [2019-02-08T16:05:38.201Z] <<< HTTP RESPONSE 200
[debug] [2019-02-08T16:05:38.228Z] <<< HTTP RESPONSE 200
[debug] [2019-02-08T16:05:38.259Z] <<< HTTP RESPONSE 200
[debug] [2019-02-08T16:05:39.826Z] >>> HTTP REQUEST GET https://cloudfunctions.googleapis.com/v1/operations/cGVycmlubi1kNWZjMS91cy1jZW50cmFsMS9uZXdVc2VyUHJvZmlsZS84QlF4OFZIeE9oNA  
 
[debug] [2019-02-08T16:05:39.896Z] >>> HTTP REQUEST GET https://cloudfunctions.googleapis.com/v1/operations/cGVycmlubi1kNWZjMS91cy1jZW50cmFsMS9uZXdTdHJpcGVDaGFyZ2Uvc3pEZU9EdjhGbFE  
 
[debug] [2019-02-08T16:05:39.910Z] >>> HTTP REQUEST GET https://cloudfunctions.googleapis.com/v1/operations/cGVycmlubi1kNWZjMS91cy1jZW50cmFsMS9wcm9jZXNzSW1hZ2UvbjZ5MEh1TjBxOWs  
 
[debug] [2019-02-08T16:05:40.064Z] >>> HTTP REQUEST GET https://cloudfunctions.googleapis.com/v1/operations/cGVycmlubi1kNWZjMS91cy1jZW50cmFsMS9uZXdNZXNzYWdlUmVhZC9nc2h6RHFIbUVrNA  
 
[debug] [2019-02-08T16:05:40.065Z] >>> HTTP REQUEST GET https://cloudfunctions.googleapis.com/v1/operations/cGVycmlubi1kNWZjMS91cy1jZW50cmFsMS9mYW5vdXRUZWFtL19XQTV5R0hLVm9z  
 
[debug] [2019-02-08T16:05:40.083Z] <<< HTTP RESPONSE 200
[debug] [2019-02-08T16:05:40.104Z] >>> HTTP REQUEST GET https://cloudfunctions.googleapis.com/v1/operations/cGVycmlubi1kNWZjMS91cy1jZW50cmFsMS9wb3B1bGF0ZUxlYWRlcnNNZW1iZXJzTmFtZXMvNV9QamwtYVc1ZDg  
 
[debug] [2019-02-08T16:05:40.146Z] >>> HTTP REQUEST GET https://cloudfunctions.googleapis.com/v1/operations/cGVycmlubi1kNWZjMS91cy1jZW50cmFsMS9uZXdJbWFnZVRlYW1TdWJzY3JpcHRpb24vZ2x4bUhMajFvTzA  
 
[debug] [2019-02-08T16:05:40.170Z] <<< HTTP RESPONSE 200
[debug] [2019-02-08T16:05:40.171Z] <<< HTTP RESPONSE 200
[debug] [2019-02-08T16:05:40.191Z] >>> HTTP REQUEST GET https://cloudfunctions.googleapis.com/v1/operations/cGVycmlubi1kNWZjMS91cy1jZW50cmFsMS9uZXdUZWFtL2xjc2EwUkk5SENn  
 
[debug] [2019-02-08T16:05:40.202Z] >>> HTTP REQUEST GET https://cloudfunctions.googleapis.com/v1/operations/cGVycmlubi1kNWZjMS91cy1jZW50cmFsMS90ZWFtQ3JlYXRpb24vWkZQVl9MVTFqQjg  
 
[debug] [2019-02-08T16:05:40.230Z] >>> HTTP REQUEST GET https://cloudfunctions.googleapis.com/v1/operations/cGVycmlubi1kNWZjMS91cy1jZW50cmFsMS9uZXdNZXNzYWdlL2l5czg2aUVzVEY4  
 
[debug] [2019-02-08T16:05:40.260Z] >>> HTTP REQUEST GET https://cloudfunctions.googleapis.com/v1/operations/cGVycmlubi1kNWZjMS91cy1jZW50cmFsMS9jb3B5UEVSUklOTlRlYW1zVG9GSVJFU1RPUkUvTHN6c3dRMV8wVjg  
 
[debug] [2019-02-08T16:05:40.313Z] <<< HTTP RESPONSE 200
[debug] [2019-02-08T16:05:40.314Z] <<< HTTP RESPONSE 200
[debug] [2019-02-08T16:05:40.363Z] <<< HTTP RESPONSE 200
[info] ✔  functions[populateLeadersMembersNames(us-central1)]: Successful update operation. 
[debug] [2019-02-08T16:05:40.390Z] <<< HTTP RESPONSE 200
[debug] [2019-02-08T16:05:40.435Z] <<< HTTP RESPONSE 200
[info] ✔  functions[newTeam(us-central1)]: Successful update operation. 
[debug] [2019-02-08T16:05:40.489Z] <<< HTTP RESPONSE 200
[info] ✔  functions[teamCreation(us-central1)]: Successful update operation. 
[debug] [2019-02-08T16:05:40.521Z] <<< HTTP RESPONSE 200
[debug] [2019-02-08T16:05:40.530Z] <<< HTTP RESPONSE 200
[debug] [2019-02-08T16:05:42.086Z] >>> HTTP REQUEST GET https://cloudfunctions.googleapis.com/v1/operations/cGVycmlubi1kNWZjMS91cy1jZW50cmFsMS9uZXdVc2VyUHJvZmlsZS84QlF4OFZIeE9oNA  
 
[debug] [2019-02-08T16:05:42.171Z] >>> HTTP REQUEST GET https://cloudfunctions.googleapis.com/v1/operations/cGVycmlubi1kNWZjMS91cy1jZW50cmFsMS9wcm9jZXNzSW1hZ2UvbjZ5MEh1TjBxOWs  
 
[debug] [2019-02-08T16:05:42.173Z] >>> HTTP REQUEST GET https://cloudfunctions.googleapis.com/v1/operations/cGVycmlubi1kNWZjMS91cy1jZW50cmFsMS9uZXdTdHJpcGVDaGFyZ2Uvc3pEZU9EdjhGbFE  
 
[debug] [2019-02-08T16:05:42.314Z] >>> HTTP REQUEST GET https://cloudfunctions.googleapis.com/v1/operations/cGVycmlubi1kNWZjMS91cy1jZW50cmFsMS9mYW5vdXRUZWFtL19XQTV5R0hLVm9z  
 
[debug] [2019-02-08T16:05:42.315Z] >>> HTTP REQUEST GET https://cloudfunctions.googleapis.com/v1/operations/cGVycmlubi1kNWZjMS91cy1jZW50cmFsMS9uZXdNZXNzYWdlUmVhZC9nc2h6RHFIbUVrNA  
 
[debug] [2019-02-08T16:05:42.333Z] <<< HTTP RESPONSE 200
[debug] [2019-02-08T16:05:42.391Z] >>> HTTP REQUEST GET https://cloudfunctions.googleapis.com/v1/operations/cGVycmlubi1kNWZjMS91cy1jZW50cmFsMS9uZXdJbWFnZVRlYW1TdWJzY3JpcHRpb24vZ2x4bUhMajFvTzA  
 
[debug] [2019-02-08T16:05:42.398Z] <<< HTTP RESPONSE 200
[debug] [2019-02-08T16:05:42.527Z] >>> HTTP REQUEST GET https://cloudfunctions.googleapis.com/v1/operations/cGVycmlubi1kNWZjMS91cy1jZW50cmFsMS9uZXdNZXNzYWdlL2l5czg2aUVzVEY4  
 
[debug] [2019-02-08T16:05:42.531Z] >>> HTTP REQUEST GET https://cloudfunctions.googleapis.com/v1/operations/cGVycmlubi1kNWZjMS91cy1jZW50cmFsMS9jb3B5UEVSUklOTlRlYW1zVG9GSVJFU1RPUkUvTHN6c3dRMV8wVjg  
 
[debug] [2019-02-08T16:05:42.568Z] <<< HTTP RESPONSE 200
[debug] [2019-02-08T16:05:42.569Z] <<< HTTP RESPONSE 200
[debug] [2019-02-08T16:05:42.595Z] <<< HTTP RESPONSE 200
[info] ✔  functions[newStripeCharge(us-central1)]: Successful update operation. 
[debug] [2019-02-08T16:05:42.631Z] <<< HTTP RESPONSE 200
[debug] [2019-02-08T16:05:42.781Z] <<< HTTP RESPONSE 200
[debug] [2019-02-08T16:05:42.785Z] <<< HTTP RESPONSE 200
[debug] [2019-02-08T16:05:44.336Z] >>> HTTP REQUEST GET https://cloudfunctions.googleapis.com/v1/operations/cGVycmlubi1kNWZjMS91cy1jZW50cmFsMS9uZXdVc2VyUHJvZmlsZS84QlF4OFZIeE9oNA  
 
[debug] [2019-02-08T16:05:44.403Z] >>> HTTP REQUEST GET https://cloudfunctions.googleapis.com/v1/operations/cGVycmlubi1kNWZjMS91cy1jZW50cmFsMS9wcm9jZXNzSW1hZ2UvbjZ5MEh1TjBxOWs  
 
[debug] [2019-02-08T16:05:44.569Z] >>> HTTP REQUEST GET https://cloudfunctions.googleapis.com/v1/operations/cGVycmlubi1kNWZjMS91cy1jZW50cmFsMS9mYW5vdXRUZWFtL19XQTV5R0hLVm9z  
 
[debug] [2019-02-08T16:05:44.569Z] >>> HTTP REQUEST GET https://cloudfunctions.googleapis.com/v1/operations/cGVycmlubi1kNWZjMS91cy1jZW50cmFsMS9uZXdNZXNzYWdlUmVhZC9nc2h6RHFIbUVrNA  
 
[debug] [2019-02-08T16:05:44.570Z] <<< HTTP RESPONSE 200
[debug] [2019-02-08T16:05:44.634Z] >>> HTTP REQUEST GET https://cloudfunctions.googleapis.com/v1/operations/cGVycmlubi1kNWZjMS91cy1jZW50cmFsMS9uZXdJbWFnZVRlYW1TdWJzY3JpcHRpb24vZ2x4bUhMajFvTzA  
 
[debug] [2019-02-08T16:05:44.666Z] <<< HTTP RESPONSE 200
[info] ✔  functions[processImage(us-central1)]: Successful update operation. 
[debug] [2019-02-08T16:05:44.786Z] >>> HTTP REQUEST GET https://cloudfunctions.googleapis.com/v1/operations/cGVycmlubi1kNWZjMS91cy1jZW50cmFsMS9jb3B5UEVSUklOTlRlYW1zVG9GSVJFU1RPUkUvTHN6c3dRMV8wVjg  
 
[debug] [2019-02-08T16:05:44.786Z] >>> HTTP REQUEST GET https://cloudfunctions.googleapis.com/v1/operations/cGVycmlubi1kNWZjMS91cy1jZW50cmFsMS9uZXdNZXNzYWdlL2l5czg2aUVzVEY4  
 
[debug] [2019-02-08T16:05:44.848Z] <<< HTTP RESPONSE 200
[debug] [2019-02-08T16:05:44.879Z] <<< HTTP RESPONSE 200
[info] ✔  functions[newMessageRead(us-central1)]: Successful update operation. 
[debug] [2019-02-08T16:05:44.889Z] <<< HTTP RESPONSE 200
[debug] [2019-02-08T16:05:45.016Z] <<< HTTP RESPONSE 200
[debug] [2019-02-08T16:05:45.025Z] <<< HTTP RESPONSE 200
[debug] [2019-02-08T16:05:46.573Z] >>> HTTP REQUEST GET https://cloudfunctions.googleapis.com/v1/operations/cGVycmlubi1kNWZjMS91cy1jZW50cmFsMS9uZXdVc2VyUHJvZmlsZS84QlF4OFZIeE9oNA  
 
[debug] [2019-02-08T16:05:46.799Z] <<< HTTP RESPONSE 200
[debug] [2019-02-08T16:05:46.848Z] >>> HTTP REQUEST GET https://cloudfunctions.googleapis.com/v1/operations/cGVycmlubi1kNWZjMS91cy1jZW50cmFsMS9mYW5vdXRUZWFtL19XQTV5R0hLVm9z  
 
[debug] [2019-02-08T16:05:46.894Z] >>> HTTP REQUEST GET https://cloudfunctions.googleapis.com/v1/operations/cGVycmlubi1kNWZjMS91cy1jZW50cmFsMS9uZXdJbWFnZVRlYW1TdWJzY3JpcHRpb24vZ2x4bUhMajFvTzA  
 
[debug] [2019-02-08T16:05:47.020Z] >>> HTTP REQUEST GET https://cloudfunctions.googleapis.com/v1/operations/cGVycmlubi1kNWZjMS91cy1jZW50cmFsMS9uZXdNZXNzYWdlL2l5czg2aUVzVEY4  
 
[debug] [2019-02-08T16:05:47.027Z] >>> HTTP REQUEST GET https://cloudfunctions.googleapis.com/v1/operations/cGVycmlubi1kNWZjMS91cy1jZW50cmFsMS9jb3B5UEVSUklOTlRlYW1zVG9GSVJFU1RPUkUvTHN6c3dRMV8wVjg  
 
[debug] [2019-02-08T16:05:47.089Z] <<< HTTP RESPONSE 200
[debug] [2019-02-08T16:05:47.125Z] <<< HTTP RESPONSE 200
[info] ✔  functions[newImageTeamSubscription(us-central1)]: Successful update operation. 
[debug] [2019-02-08T16:05:47.255Z] <<< HTTP RESPONSE 200
[debug] [2019-02-08T16:05:47.265Z] <<< HTTP RESPONSE 200
[debug] [2019-02-08T16:05:48.801Z] >>> HTTP REQUEST GET https://cloudfunctions.googleapis.com/v1/operations/cGVycmlubi1kNWZjMS91cy1jZW50cmFsMS9uZXdVc2VyUHJvZmlsZS84QlF4OFZIeE9oNA  
 
[debug] [2019-02-08T16:05:49.032Z] <<< HTTP RESPONSE 200
[debug] [2019-02-08T16:05:49.090Z] >>> HTTP REQUEST GET https://cloudfunctions.googleapis.com/v1/operations/cGVycmlubi1kNWZjMS91cy1jZW50cmFsMS9mYW5vdXRUZWFtL19XQTV5R0hLVm9z  
 
[debug] [2019-02-08T16:05:49.255Z] >>> HTTP REQUEST GET https://cloudfunctions.googleapis.com/v1/operations/cGVycmlubi1kNWZjMS91cy1jZW50cmFsMS9uZXdNZXNzYWdlL2l5czg2aUVzVEY4  
 
[debug] [2019-02-08T16:05:49.266Z] >>> HTTP REQUEST GET https://cloudfunctions.googleapis.com/v1/operations/cGVycmlubi1kNWZjMS91cy1jZW50cmFsMS9jb3B5UEVSUklOTlRlYW1zVG9GSVJFU1RPUkUvTHN6c3dRMV8wVjg  
 
[debug] [2019-02-08T16:05:49.346Z] <<< HTTP RESPONSE 200
[debug] [2019-02-08T16:05:49.472Z] <<< HTTP RESPONSE 200
[debug] [2019-02-08T16:05:49.504Z] <<< HTTP RESPONSE 200
[debug] [2019-02-08T16:05:51.034Z] >>> HTTP REQUEST GET https://cloudfunctions.googleapis.com/v1/operations/cGVycmlubi1kNWZjMS91cy1jZW50cmFsMS9uZXdVc2VyUHJvZmlsZS84QlF4OFZIeE9oNA  
 
[debug] [2019-02-08T16:05:51.273Z] <<< HTTP RESPONSE 200
[debug] [2019-02-08T16:05:51.349Z] >>> HTTP REQUEST GET https://cloudfunctions.googleapis.com/v1/operations/cGVycmlubi1kNWZjMS91cy1jZW50cmFsMS9mYW5vdXRUZWFtL19XQTV5R0hLVm9z  
 
[debug] [2019-02-08T16:05:51.473Z] >>> HTTP REQUEST GET https://cloudfunctions.googleapis.com/v1/operations/cGVycmlubi1kNWZjMS91cy1jZW50cmFsMS9uZXdNZXNzYWdlL2l5czg2aUVzVEY4  
 
[debug] [2019-02-08T16:05:51.504Z] >>> HTTP REQUEST GET https://cloudfunctions.googleapis.com/v1/operations/cGVycmlubi1kNWZjMS91cy1jZW50cmFsMS9jb3B5UEVSUklOTlRlYW1zVG9GSVJFU1RPUkUvTHN6c3dRMV8wVjg  
 
[debug] [2019-02-08T16:05:51.578Z] <<< HTTP RESPONSE 200
[debug] [2019-02-08T16:05:51.753Z] <<< HTTP RESPONSE 200
[info] ✔  functions[newMessage(us-central1)]: Successful update operation. 
[debug] [2019-02-08T16:05:51.762Z] <<< HTTP RESPONSE 200
[debug] [2019-02-08T16:05:53.278Z] >>> HTTP REQUEST GET https://cloudfunctions.googleapis.com/v1/operations/cGVycmlubi1kNWZjMS91cy1jZW50cmFsMS9uZXdVc2VyUHJvZmlsZS84QlF4OFZIeE9oNA  
 
[debug] [2019-02-08T16:05:53.517Z] <<< HTTP RESPONSE 200
[debug] [2019-02-08T16:05:53.585Z] >>> HTTP REQUEST GET https://cloudfunctions.googleapis.com/v1/operations/cGVycmlubi1kNWZjMS91cy1jZW50cmFsMS9mYW5vdXRUZWFtL19XQTV5R0hLVm9z  
 
[debug] [2019-02-08T16:05:53.762Z] >>> HTTP REQUEST GET https://cloudfunctions.googleapis.com/v1/operations/cGVycmlubi1kNWZjMS91cy1jZW50cmFsMS9jb3B5UEVSUklOTlRlYW1zVG9GSVJFU1RPUkUvTHN6c3dRMV8wVjg  
 
[debug] [2019-02-08T16:05:53.811Z] <<< HTTP RESPONSE 200
[debug] [2019-02-08T16:05:54.067Z] <<< HTTP RESPONSE 200
[debug] [2019-02-08T16:05:55.522Z] >>> HTTP REQUEST GET https://cloudfunctions.googleapis.com/v1/operations/cGVycmlubi1kNWZjMS91cy1jZW50cmFsMS9uZXdVc2VyUHJvZmlsZS84QlF4OFZIeE9oNA  
 
[debug] [2019-02-08T16:05:55.754Z] <<< HTTP RESPONSE 200
[debug] [2019-02-08T16:05:55.817Z] >>> HTTP REQUEST GET https://cloudfunctions.googleapis.com/v1/operations/cGVycmlubi1kNWZjMS91cy1jZW50cmFsMS9mYW5vdXRUZWFtL19XQTV5R0hLVm9z  
 
[debug] [2019-02-08T16:05:56.053Z] <<< HTTP RESPONSE 200
[debug] [2019-02-08T16:05:56.072Z] >>> HTTP REQUEST GET https://cloudfunctions.googleapis.com/v1/operations/cGVycmlubi1kNWZjMS91cy1jZW50cmFsMS9jb3B5UEVSUklOTlRlYW1zVG9GSVJFU1RPUkUvTHN6c3dRMV8wVjg  
 
[debug] [2019-02-08T16:05:56.314Z] <<< HTTP RESPONSE 200
[debug] [2019-02-08T16:05:57.758Z] >>> HTTP REQUEST GET https://cloudfunctions.googleapis.com/v1/operations/cGVycmlubi1kNWZjMS91cy1jZW50cmFsMS9uZXdVc2VyUHJvZmlsZS84QlF4OFZIeE9oNA  
 
[debug] [2019-02-08T16:05:58.007Z] <<< HTTP RESPONSE 200
[debug] [2019-02-08T16:05:58.059Z] >>> HTTP REQUEST GET https://cloudfunctions.googleapis.com/v1/operations/cGVycmlubi1kNWZjMS91cy1jZW50cmFsMS9mYW5vdXRUZWFtL19XQTV5R0hLVm9z  
 
[debug] [2019-02-08T16:05:58.308Z] <<< HTTP RESPONSE 200
[debug] [2019-02-08T16:05:58.317Z] >>> HTTP REQUEST GET https://cloudfunctions.googleapis.com/v1/operations/cGVycmlubi1kNWZjMS91cy1jZW50cmFsMS9jb3B5UEVSUklOTlRlYW1zVG9GSVJFU1RPUkUvTHN6c3dRMV8wVjg  
 
[debug] [2019-02-08T16:05:58.547Z] <<< HTTP RESPONSE 200
[debug] [2019-02-08T16:06:00.008Z] >>> HTTP REQUEST GET https://cloudfunctions.googleapis.com/v1/operations/cGVycmlubi1kNWZjMS91cy1jZW50cmFsMS9uZXdVc2VyUHJvZmlsZS84QlF4OFZIeE9oNA  
 
[debug] [2019-02-08T16:06:00.278Z] <<< HTTP RESPONSE 200
[debug] [2019-02-08T16:06:00.309Z] >>> HTTP REQUEST GET https://cloudfunctions.googleapis.com/v1/operations/cGVycmlubi1kNWZjMS91cy1jZW50cmFsMS9mYW5vdXRUZWFtL19XQTV5R0hLVm9z  
 
[debug] [2019-02-08T16:06:00.540Z] <<< HTTP RESPONSE 200
[debug] [2019-02-08T16:06:00.550Z] >>> HTTP REQUEST GET https://cloudfunctions.googleapis.com/v1/operations/cGVycmlubi1kNWZjMS91cy1jZW50cmFsMS9jb3B5UEVSUklOTlRlYW1zVG9GSVJFU1RPUkUvTHN6c3dRMV8wVjg  
 
[debug] [2019-02-08T16:06:00.789Z] <<< HTTP RESPONSE 200
[debug] [2019-02-08T16:06:02.285Z] >>> HTTP REQUEST GET https://cloudfunctions.googleapis.com/v1/operations/cGVycmlubi1kNWZjMS91cy1jZW50cmFsMS9uZXdVc2VyUHJvZmlsZS84QlF4OFZIeE9oNA  
 
[debug] [2019-02-08T16:06:02.540Z] >>> HTTP REQUEST GET https://cloudfunctions.googleapis.com/v1/operations/cGVycmlubi1kNWZjMS91cy1jZW50cmFsMS9mYW5vdXRUZWFtL19XQTV5R0hLVm9z  
 
[debug] [2019-02-08T16:06:02.658Z] <<< HTTP RESPONSE 200
[debug] [2019-02-08T16:06:02.768Z] <<< HTTP RESPONSE 200
[debug] [2019-02-08T16:06:02.791Z] >>> HTTP REQUEST GET https://cloudfunctions.googleapis.com/v1/operations/cGVycmlubi1kNWZjMS91cy1jZW50cmFsMS9jb3B5UEVSUklOTlRlYW1zVG9GSVJFU1RPUkUvTHN6c3dRMV8wVjg  
 
[debug] [2019-02-08T16:06:03.052Z] <<< HTTP RESPONSE 200
[debug] [2019-02-08T16:06:04.659Z] >>> HTTP REQUEST GET https://cloudfunctions.googleapis.com/v1/operations/cGVycmlubi1kNWZjMS91cy1jZW50cmFsMS9uZXdVc2VyUHJvZmlsZS84QlF4OFZIeE9oNA  
 
[debug] [2019-02-08T16:06:04.771Z] >>> HTTP REQUEST GET https://cloudfunctions.googleapis.com/v1/operations/cGVycmlubi1kNWZjMS91cy1jZW50cmFsMS9mYW5vdXRUZWFtL19XQTV5R0hLVm9z  
 
[debug] [2019-02-08T16:06:04.908Z] <<< HTTP RESPONSE 200
[debug] [2019-02-08T16:06:05.022Z] <<< HTTP RESPONSE 200
[debug] [2019-02-08T16:06:05.057Z] >>> HTTP REQUEST GET https://cloudfunctions.googleapis.com/v1/operations/cGVycmlubi1kNWZjMS91cy1jZW50cmFsMS9jb3B5UEVSUklOTlRlYW1zVG9GSVJFU1RPUkUvTHN6c3dRMV8wVjg  
 
[debug] [2019-02-08T16:06:05.291Z] <<< HTTP RESPONSE 200
[debug] [2019-02-08T16:06:06.910Z] >>> HTTP REQUEST GET https://cloudfunctions.googleapis.com/v1/operations/cGVycmlubi1kNWZjMS91cy1jZW50cmFsMS9uZXdVc2VyUHJvZmlsZS84QlF4OFZIeE9oNA  
 
[debug] [2019-02-08T16:06:07.023Z] >>> HTTP REQUEST GET https://cloudfunctions.googleapis.com/v1/operations/cGVycmlubi1kNWZjMS91cy1jZW50cmFsMS9mYW5vdXRUZWFtL19XQTV5R0hLVm9z  
 
[debug] [2019-02-08T16:06:07.159Z] <<< HTTP RESPONSE 200
[debug] [2019-02-08T16:06:07.292Z] >>> HTTP REQUEST GET https://cloudfunctions.googleapis.com/v1/operations/cGVycmlubi1kNWZjMS91cy1jZW50cmFsMS9jb3B5UEVSUklOTlRlYW1zVG9GSVJFU1RPUkUvTHN6c3dRMV8wVjg  
 
[debug] [2019-02-08T16:06:07.342Z] <<< HTTP RESPONSE 200
